
         /\      Grafana   /‾‾/  
    /\  /  \     |\  __   /  /   
   /  \/    \    | |/ /  /   ‾‾\ 
  /          \   |   (  |  (‾)  |
 / __________ \  |_|\_\  \_____/ 


     execution: local
        script: /opt/image-pipeline-k6/image-pipeline-v2.js
        output: -

     scenarios: (100.00%) 1 scenario, 240 max VUs, 2m30s max duration (incl. graceful stop):
              * medium_10rps: 10.00 iterations/s for 2m0s (maxVUs: 80-240, gracefulStop: 30s)


running (0m00.9s), 010/080 VUs, 0 complete and 0 interrupted iterations
medium_10rps   [   1% ] 010/080 VUs  0m00.9s/2m0s  10.00 iters/s
time="2026-04-04T15:55:51Z" level=error msg="GoError: create post failed: 500 {\"isSuccess\":false,\"code\":\"500\",\"message\":\"서버 내부 오류가 발생했습니다.\"}\n\tat go.k6.io/k6/internal/js/modules/k6.(*K6).Fail-fm (native)\n\tat default (file:///opt/image-pipeline-k6/image-pipeline-v2.js:187:9(212))\n" executor=constant-arrival-rate scenario=medium_10rps source=stacktrace
time="2026-04-04T15:55:51Z" level=error msg="GoError: create post failed: 500 {\"isSuccess\":false,\"code\":\"500\",\"message\":\"서버 내부 오류가 발생했습니다.\"}\n\tat go.k6.io/k6/internal/js/modules/k6.(*K6).Fail-fm (native)\n\tat default (file:///opt/image-pipeline-k6/image-pipeline-v2.js:187:9(212))\n" executor=constant-arrival-rate scenario=medium_10rps source=stacktrace
time="2026-04-04T15:55:51Z" level=error msg="GoError: create post failed: 500 {\"isSuccess\":false,\"code\":\"500\",\"message\":\"서버 내부 오류가 발생했습니다.\"}\n\tat go.k6.io/k6/internal/js/modules/k6.(*K6).Fail-fm (native)\n\tat default (file:///opt/image-pipeline-k6/image-pipeline-v2.js:187:9(212))\n" executor=constant-arrival-rate scenario=medium_10rps source=stacktrace
time="2026-04-04T15:55:51Z" level=error msg="GoError: create post failed: 500 {\"isSuccess\":false,\"code\":\"500\",\"message\":\"서버 내부 오류가 발생했습니다.\"}\n\tat go.k6.io/k6/internal/js/modules/k6.(*K6).Fail-fm (native)\n\tat default (file:///opt/image-pipeline-k6/image-pipeline-v2.js:187:9(212))\n" executor=constant-arrival-rate scenario=medium_10rps source=stacktrace
time="2026-04-04T15:55:51Z" level=error msg="GoError: create post failed: 500 {\"isSuccess\":false,\"code\":\"500\",\"message\":\"서버 내부 오류가 발생했습니다.\"}\n\tat go.k6.io/k6/internal/js/modules/k6.(*K6).Fail-fm (native)\n\tat default (file:///opt/image-pipeline-k6/image-pipeline-v2.js:187:9(212))\n" executor=constant-arrival-rate scenario=medium_10rps source=stacktrace
time="2026-04-04T15:55:51Z" level=error msg="GoError: create post failed: 500 {\"isSuccess\":false,\"code\":\"500\",\"message\":\"서버 내부 오류가 발생했습니다.\"}\n\tat go.k6.io/k6/internal/js/modules/k6.(*K6).Fail-fm (native)\n\tat default (file:///opt/image-pipeline-k6/image-pipeline-v2.js:187:9(212))\n" executor=constant-arrival-rate scenario=medium_10rps source=stacktrace
time="2026-04-04T15:55:51Z" level=error msg="GoError: create post failed: 500 {\"isSuccess\":false,\"code\":\"500\",\"message\":\"서버 내부 오류가 발생했습니다.\"}\n\tat go.k6.io/k6/internal/js/modules/k6.(*K6).Fail-fm (native)\n\tat default (file:///opt/image-pipeline-k6/image-pipeline-v2.js:187:9(212))\n" executor=constant-arrival-rate scenario=medium_10rps source=stacktrace
time="2026-04-04T15:55:51Z" level=error msg="GoError: create post failed: 500 {\"isSuccess\":false,\"code\":\"500\",\"message\":\"서버 내부 오류가 발생했습니다.\"}\n\tat go.k6.io/k6/internal/js/modules/k6.(*K6).Fail-fm (native)\n\tat default (file:///opt/image-pipeline-k6/image-pipeline-v2.js:187:9(212))\n" executor=constant-arrival-rate scenario=medium_10rps source=stacktrace
time="2026-04-04T15:55:51Z" level=error msg="GoError: create post failed: 500 {\"isSuccess\":false,\"code\":\"500\",\"message\":\"서버 내부 오류가 발생했습니다.\"}\n\tat go.k6.io/k6/internal/js/modules/k6.(*K6).Fail-fm (native)\n\tat default (file:///opt/image-pipeline-k6/image-pipeline-v2.js:187:9(212))\n" executor=constant-arrival-rate scenario=medium_10rps source=stacktrace

running (0m01.9s), 011/080 VUs, 9 complete and 0 interrupted iterations
medium_10rps   [   2% ] 011/080 VUs  0m01.9s/2m0s  10.00 iters/s
time="2026-04-04T15:55:51Z" level=error msg="GoError: create post failed: 500 {\"isSuccess\":false,\"code\":\"500\",\"message\":\"서버 내부 오류가 발생했습니다.\"}\n\tat go.k6.io/k6/internal/js/modules/k6.(*K6).Fail-fm (native)\n\tat default (file:///opt/image-pipeline-k6/image-pipeline-v2.js:187:9(212))\n" executor=constant-arrival-rate scenario=medium_10rps source=stacktrace

running (0m02.9s), 020/080 VUs, 10 complete and 0 interrupted iterations
medium_10rps   [   2% ] 020/080 VUs  0m02.9s/2m0s  10.00 iters/s

running (0m03.9s), 030/080 VUs, 10 complete and 0 interrupted iterations
medium_10rps   [   3% ] 030/080 VUs  0m03.9s/2m0s  10.00 iters/s

running (0m04.9s), 040/080 VUs, 10 complete and 0 interrupted iterations
medium_10rps   [   4% ] 040/080 VUs  0m04.9s/2m0s  10.00 iters/s

running (0m05.9s), 028/080 VUs, 32 complete and 0 interrupted iterations
medium_10rps   [   5% ] 028/080 VUs  0m05.9s/2m0s  10.00 iters/s

running (0m06.9s), 017/080 VUs, 53 complete and 0 interrupted iterations
medium_10rps   [   6% ] 017/080 VUs  0m06.9s/2m0s  10.00 iters/s

running (0m07.9s), 020/080 VUs, 60 complete and 0 interrupted iterations
medium_10rps   [   7% ] 020/080 VUs  0m07.9s/2m0s  10.00 iters/s

running (0m08.9s), 021/080 VUs, 69 complete and 0 interrupted iterations
medium_10rps   [   7% ] 021/080 VUs  0m08.9s/2m0s  10.00 iters/s

running (0m09.9s), 018/080 VUs, 82 complete and 0 interrupted iterations
medium_10rps   [   8% ] 018/080 VUs  0m09.9s/2m0s  10.00 iters/s

running (0m10.9s), 018/080 VUs, 92 complete and 0 interrupted iterations
medium_10rps   [   9% ] 018/080 VUs  0m10.9s/2m0s  10.00 iters/s

running (0m11.9s), 023/080 VUs, 97 complete and 0 interrupted iterations
medium_10rps   [  10% ] 023/080 VUs  0m11.9s/2m0s  10.00 iters/s

running (0m12.9s), 024/080 VUs, 106 complete and 0 interrupted iterations
medium_10rps   [  11% ] 024/080 VUs  0m12.9s/2m0s  10.00 iters/s

running (0m13.9s), 022/080 VUs, 118 complete and 0 interrupted iterations
medium_10rps   [  12% ] 022/080 VUs  0m13.9s/2m0s  10.00 iters/s

running (0m14.9s), 019/080 VUs, 131 complete and 0 interrupted iterations
medium_10rps   [  12% ] 019/080 VUs  0m14.9s/2m0s  10.00 iters/s

running (0m15.9s), 019/080 VUs, 141 complete and 0 interrupted iterations
medium_10rps   [  13% ] 019/080 VUs  0m15.9s/2m0s  10.00 iters/s

running (0m16.9s), 021/080 VUs, 149 complete and 0 interrupted iterations
medium_10rps   [  14% ] 021/080 VUs  0m16.9s/2m0s  10.00 iters/s

running (0m17.9s), 019/080 VUs, 161 complete and 0 interrupted iterations
medium_10rps   [  15% ] 019/080 VUs  0m17.9s/2m0s  10.00 iters/s

running (0m18.9s), 022/080 VUs, 168 complete and 0 interrupted iterations
medium_10rps   [  16% ] 022/080 VUs  0m18.9s/2m0s  10.00 iters/s

running (0m19.9s), 021/080 VUs, 179 complete and 0 interrupted iterations
medium_10rps   [  17% ] 021/080 VUs  0m19.9s/2m0s  10.00 iters/s

running (0m20.9s), 021/080 VUs, 189 complete and 0 interrupted iterations
medium_10rps   [  17% ] 021/080 VUs  0m20.9s/2m0s  10.00 iters/s

running (0m21.9s), 020/080 VUs, 200 complete and 0 interrupted iterations
medium_10rps   [  18% ] 020/080 VUs  0m21.9s/2m0s  10.00 iters/s

running (0m22.9s), 020/080 VUs, 210 complete and 0 interrupted iterations
medium_10rps   [  19% ] 020/080 VUs  0m22.9s/2m0s  10.00 iters/s

running (0m23.9s), 018/080 VUs, 222 complete and 0 interrupted iterations
medium_10rps   [  20% ] 018/080 VUs  0m23.9s/2m0s  10.00 iters/s

running (0m24.9s), 021/080 VUs, 229 complete and 0 interrupted iterations
medium_10rps   [  21% ] 021/080 VUs  0m24.9s/2m0s  10.00 iters/s

running (0m25.9s), 020/080 VUs, 240 complete and 0 interrupted iterations
medium_10rps   [  22% ] 020/080 VUs  0m25.9s/2m0s  10.00 iters/s

running (0m26.9s), 016/080 VUs, 254 complete and 0 interrupted iterations
medium_10rps   [  22% ] 016/080 VUs  0m26.9s/2m0s  10.00 iters/s

running (0m27.9s), 017/080 VUs, 263 complete and 0 interrupted iterations
medium_10rps   [  23% ] 017/080 VUs  0m27.9s/2m0s  10.00 iters/s

running (0m28.9s), 017/080 VUs, 273 complete and 0 interrupted iterations
medium_10rps   [  24% ] 017/080 VUs  0m28.9s/2m0s  10.00 iters/s

running (0m29.9s), 018/080 VUs, 282 complete and 0 interrupted iterations
medium_10rps   [  25% ] 018/080 VUs  0m29.9s/2m0s  10.00 iters/s

running (0m30.9s), 019/080 VUs, 291 complete and 0 interrupted iterations
medium_10rps   [  26% ] 019/080 VUs  0m30.9s/2m0s  10.00 iters/s

running (0m31.9s), 017/080 VUs, 303 complete and 0 interrupted iterations
medium_10rps   [  27% ] 017/080 VUs  0m31.9s/2m0s  10.00 iters/s

running (0m32.9s), 017/080 VUs, 313 complete and 0 interrupted iterations
medium_10rps   [  27% ] 017/080 VUs  0m32.9s/2m0s  10.00 iters/s

running (0m33.9s), 017/080 VUs, 323 complete and 0 interrupted iterations
medium_10rps   [  28% ] 017/080 VUs  0m33.9s/2m0s  10.00 iters/s

running (0m34.9s), 018/080 VUs, 332 complete and 0 interrupted iterations
medium_10rps   [  29% ] 018/080 VUs  0m34.9s/2m0s  10.00 iters/s

running (0m35.9s), 020/080 VUs, 340 complete and 0 interrupted iterations
medium_10rps   [  30% ] 020/080 VUs  0m35.9s/2m0s  10.00 iters/s

running (0m36.9s), 019/080 VUs, 351 complete and 0 interrupted iterations
medium_10rps   [  31% ] 019/080 VUs  0m36.9s/2m0s  10.00 iters/s

running (0m37.9s), 019/080 VUs, 361 complete and 0 interrupted iterations
medium_10rps   [  32% ] 019/080 VUs  0m37.9s/2m0s  10.00 iters/s

running (0m38.9s), 017/080 VUs, 373 complete and 0 interrupted iterations
medium_10rps   [  32% ] 017/080 VUs  0m38.9s/2m0s  10.00 iters/s

running (0m39.9s), 017/080 VUs, 383 complete and 0 interrupted iterations
medium_10rps   [  33% ] 017/080 VUs  0m39.9s/2m0s  10.00 iters/s

running (0m40.9s), 015/080 VUs, 395 complete and 0 interrupted iterations
medium_10rps   [  34% ] 015/080 VUs  0m40.9s/2m0s  10.00 iters/s

running (0m41.9s), 016/080 VUs, 404 complete and 0 interrupted iterations
medium_10rps   [  35% ] 016/080 VUs  0m41.9s/2m0s  10.00 iters/s

running (0m42.9s), 019/080 VUs, 411 complete and 0 interrupted iterations
medium_10rps   [  36% ] 019/080 VUs  0m42.9s/2m0s  10.00 iters/s

running (0m43.9s), 018/080 VUs, 422 complete and 0 interrupted iterations
medium_10rps   [  37% ] 018/080 VUs  0m43.9s/2m0s  10.00 iters/s

running (0m44.9s), 019/080 VUs, 431 complete and 0 interrupted iterations
medium_10rps   [  37% ] 019/080 VUs  0m44.9s/2m0s  10.00 iters/s

running (0m45.9s), 020/080 VUs, 440 complete and 0 interrupted iterations
medium_10rps   [  38% ] 020/080 VUs  0m45.9s/2m0s  10.00 iters/s

running (0m46.9s), 018/080 VUs, 452 complete and 0 interrupted iterations
medium_10rps   [  39% ] 018/080 VUs  0m46.9s/2m0s  10.00 iters/s

running (0m47.9s), 018/080 VUs, 462 complete and 0 interrupted iterations
medium_10rps   [  40% ] 018/080 VUs  0m47.9s/2m0s  10.00 iters/s

running (0m48.9s), 018/080 VUs, 472 complete and 0 interrupted iterations
medium_10rps   [  41% ] 018/080 VUs  0m48.9s/2m0s  10.00 iters/s

running (0m49.9s), 017/080 VUs, 483 complete and 0 interrupted iterations
medium_10rps   [  42% ] 017/080 VUs  0m49.9s/2m0s  10.00 iters/s

running (0m50.9s), 018/080 VUs, 492 complete and 0 interrupted iterations
medium_10rps   [  42% ] 018/080 VUs  0m50.9s/2m0s  10.00 iters/s

running (0m51.9s), 020/080 VUs, 500 complete and 0 interrupted iterations
medium_10rps   [  43% ] 020/080 VUs  0m51.9s/2m0s  10.00 iters/s

running (0m52.9s), 016/080 VUs, 514 complete and 0 interrupted iterations
medium_10rps   [  44% ] 016/080 VUs  0m52.9s/2m0s  10.00 iters/s

running (0m53.9s), 017/080 VUs, 523 complete and 0 interrupted iterations
medium_10rps   [  45% ] 017/080 VUs  0m53.9s/2m0s  10.00 iters/s

running (0m54.9s), 018/080 VUs, 532 complete and 0 interrupted iterations
medium_10rps   [  46% ] 018/080 VUs  0m54.9s/2m0s  10.00 iters/s

running (0m55.9s), 019/080 VUs, 541 complete and 0 interrupted iterations
medium_10rps   [  47% ] 019/080 VUs  0m55.9s/2m0s  10.00 iters/s

running (0m56.9s), 018/080 VUs, 552 complete and 0 interrupted iterations
medium_10rps   [  47% ] 018/080 VUs  0m56.9s/2m0s  10.00 iters/s

running (0m57.9s), 017/080 VUs, 563 complete and 0 interrupted iterations
medium_10rps   [  48% ] 017/080 VUs  0m57.9s/2m0s  10.00 iters/s

running (0m58.9s), 017/080 VUs, 573 complete and 0 interrupted iterations
medium_10rps   [  49% ] 017/080 VUs  0m58.9s/2m0s  10.00 iters/s

running (0m59.9s), 017/080 VUs, 583 complete and 0 interrupted iterations
medium_10rps   [  50% ] 017/080 VUs  0m59.9s/2m0s  10.00 iters/s

running (1m00.9s), 018/080 VUs, 592 complete and 0 interrupted iterations
medium_10rps   [  51% ] 018/080 VUs  1m00.9s/2m0s  10.00 iters/s

running (1m01.9s), 016/080 VUs, 604 complete and 0 interrupted iterations
medium_10rps   [  52% ] 016/080 VUs  1m01.9s/2m0s  10.00 iters/s

running (1m02.9s), 016/080 VUs, 614 complete and 0 interrupted iterations
medium_10rps   [  52% ] 016/080 VUs  1m02.9s/2m0s  10.00 iters/s

running (1m03.9s), 018/080 VUs, 622 complete and 0 interrupted iterations
medium_10rps   [  53% ] 018/080 VUs  1m03.9s/2m0s  10.00 iters/s

running (1m04.9s), 019/080 VUs, 631 complete and 0 interrupted iterations
medium_10rps   [  54% ] 019/080 VUs  1m04.9s/2m0s  10.00 iters/s

running (1m05.9s), 017/080 VUs, 643 complete and 0 interrupted iterations
medium_10rps   [  55% ] 017/080 VUs  1m05.9s/2m0s  10.00 iters/s

running (1m06.9s), 017/080 VUs, 653 complete and 0 interrupted iterations
medium_10rps   [  56% ] 017/080 VUs  1m06.9s/2m0s  10.00 iters/s

running (1m07.9s), 017/080 VUs, 663 complete and 0 interrupted iterations
medium_10rps   [  57% ] 017/080 VUs  1m07.9s/2m0s  10.00 iters/s

running (1m08.9s), 017/080 VUs, 673 complete and 0 interrupted iterations
medium_10rps   [  57% ] 017/080 VUs  1m08.9s/2m0s  10.00 iters/s

running (1m09.9s), 017/080 VUs, 683 complete and 0 interrupted iterations
medium_10rps   [  58% ] 017/080 VUs  1m09.9s/2m0s  10.00 iters/s

running (1m10.9s), 018/080 VUs, 692 complete and 0 interrupted iterations
medium_10rps   [  59% ] 018/080 VUs  1m10.9s/2m0s  10.00 iters/s

running (1m11.9s), 017/080 VUs, 703 complete and 0 interrupted iterations
medium_10rps   [  60% ] 017/080 VUs  1m11.9s/2m0s  10.00 iters/s

running (1m12.9s), 017/080 VUs, 713 complete and 0 interrupted iterations
medium_10rps   [  61% ] 017/080 VUs  1m12.9s/2m0s  10.00 iters/s

running (1m13.9s), 016/080 VUs, 724 complete and 0 interrupted iterations
medium_10rps   [  62% ] 016/080 VUs  1m13.9s/2m0s  10.00 iters/s

running (1m14.9s), 018/080 VUs, 732 complete and 0 interrupted iterations
medium_10rps   [  62% ] 018/080 VUs  1m14.9s/2m0s  10.00 iters/s

running (1m15.9s), 017/080 VUs, 743 complete and 0 interrupted iterations
medium_10rps   [  63% ] 017/080 VUs  1m15.9s/2m0s  10.00 iters/s

running (1m16.9s), 019/080 VUs, 751 complete and 0 interrupted iterations
medium_10rps   [  64% ] 019/080 VUs  1m16.9s/2m0s  10.00 iters/s

running (1m17.9s), 018/080 VUs, 762 complete and 0 interrupted iterations
medium_10rps   [  65% ] 018/080 VUs  1m17.9s/2m0s  10.00 iters/s

running (1m18.9s), 017/080 VUs, 773 complete and 0 interrupted iterations
medium_10rps   [  66% ] 017/080 VUs  1m18.9s/2m0s  10.00 iters/s

running (1m19.9s), 017/080 VUs, 783 complete and 0 interrupted iterations
medium_10rps   [  67% ] 017/080 VUs  1m19.9s/2m0s  10.00 iters/s

running (1m20.9s), 016/080 VUs, 794 complete and 0 interrupted iterations
medium_10rps   [  67% ] 016/080 VUs  1m20.9s/2m0s  10.00 iters/s

running (1m21.9s), 018/080 VUs, 802 complete and 0 interrupted iterations
medium_10rps   [  68% ] 018/080 VUs  1m21.9s/2m0s  10.00 iters/s

running (1m22.9s), 018/080 VUs, 812 complete and 0 interrupted iterations
medium_10rps   [  69% ] 018/080 VUs  1m22.9s/2m0s  10.00 iters/s

running (1m23.9s), 016/080 VUs, 824 complete and 0 interrupted iterations
medium_10rps   [  70% ] 016/080 VUs  1m23.9s/2m0s  10.00 iters/s

running (1m24.9s), 017/080 VUs, 833 complete and 0 interrupted iterations
medium_10rps   [  71% ] 017/080 VUs  1m24.9s/2m0s  10.00 iters/s

running (1m25.9s), 018/080 VUs, 842 complete and 0 interrupted iterations
medium_10rps   [  72% ] 018/080 VUs  1m25.9s/2m0s  10.00 iters/s

running (1m26.9s), 018/080 VUs, 852 complete and 0 interrupted iterations
medium_10rps   [  72% ] 018/080 VUs  1m26.9s/2m0s  10.00 iters/s

running (1m27.9s), 018/080 VUs, 862 complete and 0 interrupted iterations
medium_10rps   [  73% ] 018/080 VUs  1m27.9s/2m0s  10.00 iters/s

running (1m28.9s), 018/080 VUs, 872 complete and 0 interrupted iterations
medium_10rps   [  74% ] 018/080 VUs  1m28.9s/2m0s  10.00 iters/s

running (1m29.9s), 018/080 VUs, 882 complete and 0 interrupted iterations
medium_10rps   [  75% ] 018/080 VUs  1m29.9s/2m0s  10.00 iters/s

running (1m30.9s), 019/080 VUs, 891 complete and 0 interrupted iterations
medium_10rps   [  76% ] 019/080 VUs  1m30.9s/2m0s  10.00 iters/s

running (1m31.9s), 017/080 VUs, 903 complete and 0 interrupted iterations
medium_10rps   [  77% ] 017/080 VUs  1m31.9s/2m0s  10.00 iters/s

running (1m32.9s), 019/080 VUs, 911 complete and 0 interrupted iterations
medium_10rps   [  77% ] 019/080 VUs  1m32.9s/2m0s  10.00 iters/s

running (1m33.9s), 020/080 VUs, 920 complete and 0 interrupted iterations
medium_10rps   [  78% ] 020/080 VUs  1m33.9s/2m0s  10.00 iters/s

running (1m34.9s), 020/080 VUs, 930 complete and 0 interrupted iterations
medium_10rps   [  79% ] 020/080 VUs  1m34.9s/2m0s  10.00 iters/s

running (1m35.9s), 020/080 VUs, 940 complete and 0 interrupted iterations
medium_10rps   [  80% ] 020/080 VUs  1m35.9s/2m0s  10.00 iters/s

running (1m36.9s), 019/080 VUs, 951 complete and 0 interrupted iterations
medium_10rps   [  81% ] 019/080 VUs  1m36.9s/2m0s  10.00 iters/s

running (1m37.9s), 018/080 VUs, 962 complete and 0 interrupted iterations
medium_10rps   [  82% ] 018/080 VUs  1m37.9s/2m0s  10.00 iters/s

running (1m38.9s), 015/080 VUs, 975 complete and 0 interrupted iterations
medium_10rps   [  82% ] 015/080 VUs  1m38.9s/2m0s  10.00 iters/s

running (1m39.9s), 018/080 VUs, 982 complete and 0 interrupted iterations
medium_10rps   [  83% ] 018/080 VUs  1m39.9s/2m0s  10.00 iters/s

running (1m40.9s), 017/080 VUs, 993 complete and 0 interrupted iterations
medium_10rps   [  84% ] 017/080 VUs  1m40.9s/2m0s  10.00 iters/s

running (1m41.9s), 020/080 VUs, 1000 complete and 0 interrupted iterations
medium_10rps   [  85% ] 020/080 VUs  1m41.9s/2m0s  10.00 iters/s

running (1m42.9s), 016/080 VUs, 1014 complete and 0 interrupted iterations
medium_10rps   [  86% ] 016/080 VUs  1m42.9s/2m0s  10.00 iters/s

running (1m43.9s), 018/080 VUs, 1022 complete and 0 interrupted iterations
medium_10rps   [  87% ] 018/080 VUs  1m43.9s/2m0s  10.00 iters/s

running (1m44.9s), 018/080 VUs, 1032 complete and 0 interrupted iterations
medium_10rps   [  87% ] 018/080 VUs  1m44.9s/2m0s  10.00 iters/s

running (1m45.9s), 016/080 VUs, 1044 complete and 0 interrupted iterations
medium_10rps   [  88% ] 016/080 VUs  1m45.9s/2m0s  10.00 iters/s

running (1m46.9s), 020/080 VUs, 1050 complete and 0 interrupted iterations
medium_10rps   [  89% ] 020/080 VUs  1m46.9s/2m0s  10.00 iters/s

running (1m47.9s), 018/080 VUs, 1062 complete and 0 interrupted iterations
medium_10rps   [  90% ] 018/080 VUs  1m47.9s/2m0s  10.00 iters/s

running (1m48.9s), 018/080 VUs, 1072 complete and 0 interrupted iterations
medium_10rps   [  91% ] 018/080 VUs  1m48.9s/2m0s  10.00 iters/s

running (1m49.9s), 019/080 VUs, 1081 complete and 0 interrupted iterations
medium_10rps   [  92% ] 019/080 VUs  1m49.9s/2m0s  10.00 iters/s

running (1m50.9s), 020/080 VUs, 1090 complete and 0 interrupted iterations
medium_10rps   [  92% ] 020/080 VUs  1m50.9s/2m0s  10.00 iters/s

running (1m51.9s), 021/080 VUs, 1099 complete and 0 interrupted iterations
medium_10rps   [  93% ] 021/080 VUs  1m51.9s/2m0s  10.00 iters/s

running (1m52.9s), 017/080 VUs, 1113 complete and 0 interrupted iterations
medium_10rps   [  94% ] 017/080 VUs  1m52.9s/2m0s  10.00 iters/s

running (1m53.9s), 018/080 VUs, 1122 complete and 0 interrupted iterations
medium_10rps   [  95% ] 018/080 VUs  1m53.9s/2m0s  10.00 iters/s

running (1m54.9s), 018/080 VUs, 1132 complete and 0 interrupted iterations
medium_10rps   [  96% ] 018/080 VUs  1m54.9s/2m0s  10.00 iters/s

running (1m55.9s), 019/080 VUs, 1141 complete and 0 interrupted iterations
medium_10rps   [  97% ] 019/080 VUs  1m55.9s/2m0s  10.00 iters/s

running (1m56.9s), 017/080 VUs, 1153 complete and 0 interrupted iterations
medium_10rps   [  97% ] 017/080 VUs  1m56.9s/2m0s  10.00 iters/s

running (1m57.9s), 018/080 VUs, 1162 complete and 0 interrupted iterations
medium_10rps   [  98% ] 018/080 VUs  1m57.9s/2m0s  10.00 iters/s

running (1m58.9s), 017/080 VUs, 1173 complete and 0 interrupted iterations
medium_10rps   [  99% ] 017/080 VUs  1m58.9s/2m0s  10.00 iters/s

running (1m59.9s), 019/080 VUs, 1181 complete and 0 interrupted iterations
medium_10rps   [ 100% ] 019/080 VUs  1m59.9s/2m0s  10.00 iters/s

running (2m00.9s), 007/080 VUs, 1194 complete and 0 interrupted iterations
medium_10rps ↓ [ 100% ] 020/080 VUs  2m0s  10.00 iters/s

running (2m01.9s), 001/080 VUs, 1200 complete and 0 interrupted iterations
medium_10rps ↓ [ 100% ] 020/080 VUs  2m0s  10.00 iters/s


  █ TOTAL RESULTS 

    checks_total.......: 3603   29.533232/s
    checks_succeeded...: 99.72% 3593 out of 3603
    checks_failed......: 0.27%  10 out of 3603

    ✓ presign status 200
    ✓ upload status 200 or 204
    ✗ create post status 200
      ↳  99% — ✓ 1191 / ✗ 10

    CUSTOM
    create_post_duration...........: avg=41.842047   min=17.888764 med=25.17354  max=1492.56237 p(90)=41.87643  p(95)=59.659985
    create_post_success............: 99.16%  1191 out of 1201
    image_completion_duration......: avg=1788.937028 min=1033      med=2047      max=7249       p(90)=2095      p(95)=2171     
    image_completion_success.......: 100.00% 1191 out of 1191
    image_upload_duration..........: avg=39.151356   min=26.443707 med=35.189093 max=116.961163 p(90)=54.769906 p(95)=58.079333
    presign_duration...............: avg=7.751777    min=2.996848  med=4.608805  max=316.33544  p(90)=9.614784  p(95)=17.800656

    HTTP
    http_req_duration..............: avg=27.19ms     min=2.99ms    med=9.98ms    max=2.37s      p(90)=38.25ms   p(95)=52.71ms  
      { expected_response:true }...: avg=25.41ms     min=2.99ms    med=9.94ms    max=2.37s      p(90)=38.12ms   p(95)=52.32ms  
    http_req_failed................: 0.14%   10 out of 6806
    http_reqs......................: 6806    55.787725/s

    EXECUTION
    iteration_duration.............: avg=1.83s       min=903.47ms  med=2.09s     max=7.31s      p(90)=2.15s     p(95)=2.24s    
    iterations.....................: 1201    9.844411/s
    vus............................: 1       min=1            max=40
    vus_max........................: 80      min=80           max=80

    NETWORK
    data_received..................: 13 MB   102 kB/s
    data_sent......................: 156 MB  1.3 MB/s




running (2m02.0s), 000/080 VUs, 1201 complete and 0 interrupted iterations
medium_10rps ✓ [ 100% ] 000/080 VUs  2m0s  10.00 iters/s
