
         /\      Grafana   /‾‾/  
    /\  /  \     |\  __   /  /   
   /  \/    \    | |/ /  /   ‾‾\ 
  /          \   |   (  |  (‾)  |
 / __________ \  |_|\_\  \_____/ 


     execution: local
        script: /opt/image-pipeline-k6/image-pipeline-v2.js
        output: -

     scenarios: (100.00%) 1 scenario, 240 max VUs, 2m30s max duration (incl. graceful stop):
              * medium_10rps: 10.00 iterations/s for 2m0s (maxVUs: 80-240, gracefulStop: 30s)


running (0m00.9s), 010/080 VUs, 0 complete and 0 interrupted iterations
medium_10rps   [   1% ] 010/080 VUs  0m00.9s/2m0s  10.00 iters/s
time="2026-04-07T07:00:49Z" level=error msg="GoError: create post failed: 500 {\"isSuccess\":false,\"code\":\"500\",\"message\":\"서버 내부 오류가 발생했습니다.\"}\n\tat go.k6.io/k6/internal/js/modules/k6.(*K6).Fail-fm (native)\n\tat default (file:///opt/image-pipeline-k6/image-pipeline-v2.js:187:9(212))\n" executor=constant-arrival-rate scenario=medium_10rps source=stacktrace

running (0m01.9s), 019/080 VUs, 1 complete and 0 interrupted iterations
medium_10rps   [   2% ] 019/080 VUs  0m01.9s/2m0s  10.00 iters/s

running (0m02.9s), 029/080 VUs, 1 complete and 0 interrupted iterations
medium_10rps   [   2% ] 029/080 VUs  0m02.9s/2m0s  10.00 iters/s

running (0m03.9s), 039/080 VUs, 1 complete and 0 interrupted iterations
medium_10rps   [   3% ] 039/080 VUs  0m03.9s/2m0s  10.00 iters/s

running (0m04.9s), 041/080 VUs, 9 complete and 0 interrupted iterations
medium_10rps   [   4% ] 041/080 VUs  0m04.9s/2m0s  10.00 iters/s

running (0m05.9s), 049/080 VUs, 11 complete and 0 interrupted iterations
medium_10rps   [   5% ] 049/080 VUs  0m05.9s/2m0s  10.00 iters/s

running (0m06.9s), 058/080 VUs, 12 complete and 0 interrupted iterations
medium_10rps   [   6% ] 058/080 VUs  0m06.9s/2m0s  10.00 iters/s

running (0m07.9s), 067/080 VUs, 13 complete and 0 interrupted iterations
medium_10rps   [   7% ] 067/080 VUs  0m07.9s/2m0s  10.00 iters/s

running (0m08.9s), 077/080 VUs, 13 complete and 0 interrupted iterations
medium_10rps   [   7% ] 077/080 VUs  0m08.9s/2m0s  10.00 iters/s

running (0m09.9s), 082/083 VUs, 15 complete and 0 interrupted iterations
medium_10rps   [   8% ] 082/083 VUs  0m09.9s/2m0s  10.00 iters/s

running (0m10.9s), 087/087 VUs, 16 complete and 0 interrupted iterations
medium_10rps   [   9% ] 087/087 VUs  0m10.9s/2m0s  10.00 iters/s

running (0m11.9s), 090/091 VUs, 19 complete and 0 interrupted iterations
medium_10rps   [  10% ] 090/091 VUs  0m11.9s/2m0s  10.00 iters/s

running (0m13.0s), 093/093 VUs, 24 complete and 0 interrupted iterations
medium_10rps   [  11% ] 093/093 VUs  0m13.0s/2m0s  10.00 iters/s

running (0m13.9s), 095/095 VUs, 30 complete and 0 interrupted iterations
medium_10rps   [  12% ] 095/095 VUs  0m13.9s/2m0s  10.00 iters/s

running (0m14.9s), 097/097 VUs, 36 complete and 0 interrupted iterations
medium_10rps   [  12% ] 097/097 VUs  0m14.9s/2m0s  10.00 iters/s

running (0m15.9s), 100/101 VUs, 39 complete and 0 interrupted iterations
medium_10rps   [  13% ] 100/101 VUs  0m15.9s/2m0s  10.00 iters/s

running (0m16.9s), 104/104 VUs, 42 complete and 0 interrupted iterations
medium_10rps   [  14% ] 104/104 VUs  0m16.9s/2m0s  10.00 iters/s

running (0m17.9s), 105/107 VUs, 48 complete and 0 interrupted iterations
medium_10rps   [  15% ] 105/107 VUs  0m17.9s/2m0s  10.00 iters/s

running (0m18.9s), 105/107 VUs, 58 complete and 0 interrupted iterations
medium_10rps   [  16% ] 105/107 VUs  0m18.9s/2m0s  10.00 iters/s

running (0m19.9s), 110/111 VUs, 59 complete and 0 interrupted iterations
medium_10rps   [  17% ] 110/111 VUs  0m19.9s/2m0s  10.00 iters/s

running (0m20.9s), 114/115 VUs, 61 complete and 0 interrupted iterations
medium_10rps   [  17% ] 114/115 VUs  0m20.9s/2m0s  10.00 iters/s

running (0m21.9s), 118/119 VUs, 63 complete and 0 interrupted iterations
medium_10rps   [  18% ] 118/119 VUs  0m21.9s/2m0s  10.00 iters/s

running (0m22.9s), 123/123 VUs, 64 complete and 0 interrupted iterations
medium_10rps   [  19% ] 123/123 VUs  0m22.9s/2m0s  10.00 iters/s

running (0m23.9s), 127/127 VUs, 66 complete and 0 interrupted iterations
medium_10rps   [  20% ] 127/127 VUs  0m23.9s/2m0s  10.00 iters/s

running (0m24.9s), 132/132 VUs, 66 complete and 0 interrupted iterations
medium_10rps   [  21% ] 132/132 VUs  0m24.9s/2m0s  10.00 iters/s

running (0m25.9s), 137/137 VUs, 66 complete and 0 interrupted iterations
medium_10rps   [  22% ] 137/137 VUs  0m25.9s/2m0s  10.00 iters/s

running (0m26.9s), 141/142 VUs, 67 complete and 0 interrupted iterations
medium_10rps   [  22% ] 141/142 VUs  0m26.9s/2m0s  10.00 iters/s

running (0m27.9s), 146/146 VUs, 68 complete and 0 interrupted iterations
medium_10rps   [  23% ] 146/146 VUs  0m27.9s/2m0s  10.00 iters/s

running (0m28.9s), 151/151 VUs, 68 complete and 0 interrupted iterations
medium_10rps   [  24% ] 151/151 VUs  0m28.9s/2m0s  10.00 iters/s

running (0m29.9s), 152/154 VUs, 74 complete and 0 interrupted iterations
medium_10rps   [  25% ] 152/154 VUs  0m29.9s/2m0s  10.00 iters/s

running (0m30.9s), 157/158 VUs, 75 complete and 0 interrupted iterations
medium_10rps   [  26% ] 157/158 VUs  0m30.9s/2m0s  10.00 iters/s

running (0m31.9s), 160/160 VUs, 80 complete and 0 interrupted iterations
medium_10rps   [  27% ] 160/160 VUs  0m31.9s/2m0s  10.00 iters/s

running (0m32.9s), 164/165 VUs, 81 complete and 0 interrupted iterations
medium_10rps   [  27% ] 164/165 VUs  0m32.9s/2m0s  10.00 iters/s

running (0m33.9s), 166/167 VUs, 87 complete and 0 interrupted iterations
medium_10rps   [  28% ] 166/167 VUs  0m33.9s/2m0s  10.00 iters/s

running (0m34.9s), 163/167 VUs, 100 complete and 0 interrupted iterations
medium_10rps   [  29% ] 163/167 VUs  0m34.9s/2m0s  10.00 iters/s

running (0m35.9s), 169/169 VUs, 102 complete and 0 interrupted iterations
medium_10rps   [  30% ] 169/169 VUs  0m35.9s/2m0s  10.00 iters/s

running (0m36.9s), 173/173 VUs, 104 complete and 0 interrupted iterations
medium_10rps   [  31% ] 173/173 VUs  0m36.9s/2m0s  10.00 iters/s

running (0m37.9s), 177/178 VUs, 105 complete and 0 interrupted iterations
medium_10rps   [  32% ] 177/178 VUs  0m37.9s/2m0s  10.00 iters/s

running (0m38.9s), 175/179 VUs, 116 complete and 0 interrupted iterations
medium_10rps   [  32% ] 175/179 VUs  0m38.9s/2m0s  10.00 iters/s

running (0m39.9s), 182/182 VUs, 116 complete and 0 interrupted iterations
medium_10rps   [  33% ] 182/182 VUs  0m39.9s/2m0s  10.00 iters/s

running (0m40.9s), 187/187 VUs, 116 complete and 0 interrupted iterations
medium_10rps   [  34% ] 187/187 VUs  0m40.9s/2m0s  10.00 iters/s

running (0m41.9s), 192/192 VUs, 116 complete and 0 interrupted iterations
medium_10rps   [  35% ] 192/192 VUs  0m41.9s/2m0s  10.00 iters/s

running (0m42.9s), 197/197 VUs, 116 complete and 0 interrupted iterations
medium_10rps   [  36% ] 197/197 VUs  0m42.9s/2m0s  10.00 iters/s

running (0m43.9s), 201/201 VUs, 118 complete and 0 interrupted iterations
medium_10rps   [  37% ] 201/201 VUs  0m43.9s/2m0s  10.00 iters/s

running (0m44.9s), 205/205 VUs, 120 complete and 0 interrupted iterations
medium_10rps   [  37% ] 205/205 VUs  0m44.9s/2m0s  10.00 iters/s

running (0m45.9s), 209/210 VUs, 121 complete and 0 interrupted iterations
medium_10rps   [  38% ] 209/210 VUs  0m45.9s/2m0s  10.00 iters/s

running (0m46.9s), 213/214 VUs, 123 complete and 0 interrupted iterations
medium_10rps   [  39% ] 213/214 VUs  0m46.9s/2m0s  10.00 iters/s

running (0m47.9s), 218/218 VUs, 124 complete and 0 interrupted iterations
medium_10rps   [  40% ] 218/218 VUs  0m47.9s/2m0s  10.00 iters/s

running (0m48.9s), 220/220 VUs, 130 complete and 0 interrupted iterations
medium_10rps   [  41% ] 220/220 VUs  0m48.9s/2m0s  10.00 iters/s

running (0m49.9s), 220/221 VUs, 139 complete and 0 interrupted iterations
medium_10rps   [  42% ] 220/221 VUs  0m49.9s/2m0s  10.00 iters/s

running (0m50.9s), 224/224 VUs, 142 complete and 0 interrupted iterations
medium_10rps   [  42% ] 224/224 VUs  0m50.9s/2m0s  10.00 iters/s

running (0m51.9s), 227/228 VUs, 145 complete and 0 interrupted iterations
medium_10rps   [  43% ] 227/228 VUs  0m51.9s/2m0s  10.00 iters/s

running (0m52.9s), 232/232 VUs, 146 complete and 0 interrupted iterations
medium_10rps   [  44% ] 232/232 VUs  0m52.9s/2m0s  10.00 iters/s

running (0m53.9s), 236/237 VUs, 147 complete and 0 interrupted iterations
medium_10rps   [  45% ] 236/237 VUs  0m53.9s/2m0s  10.00 iters/s

running (0m54.9s), 240/240 VUs, 150 complete and 0 interrupted iterations
medium_10rps   [  46% ] 240/240 VUs  0m54.9s/2m0s  10.00 iters/s
time="2026-04-07T07:01:43Z" level=warning msg="Insufficient VUs, reached 240 active VUs and cannot initialize more" executor=constant-arrival-rate scenario=medium_10rps

running (0m55.9s), 240/240 VUs, 156 complete and 0 interrupted iterations
medium_10rps   [  47% ] 240/240 VUs  0m55.9s/2m0s  10.00 iters/s

running (0m56.9s), 240/240 VUs, 162 complete and 0 interrupted iterations
medium_10rps   [  47% ] 240/240 VUs  0m56.9s/2m0s  10.00 iters/s

running (0m57.9s), 240/240 VUs, 164 complete and 0 interrupted iterations
medium_10rps   [  48% ] 240/240 VUs  0m57.9s/2m0s  10.00 iters/s

running (0m58.9s), 240/240 VUs, 165 complete and 0 interrupted iterations
medium_10rps   [  49% ] 240/240 VUs  0m58.9s/2m0s  10.00 iters/s

running (0m59.9s), 240/240 VUs, 167 complete and 0 interrupted iterations
medium_10rps   [  50% ] 240/240 VUs  0m59.9s/2m0s  10.00 iters/s

running (1m00.9s), 240/240 VUs, 169 complete and 0 interrupted iterations
medium_10rps   [  51% ] 240/240 VUs  1m00.9s/2m0s  10.00 iters/s

running (1m01.9s), 240/240 VUs, 169 complete and 0 interrupted iterations
medium_10rps   [  52% ] 240/240 VUs  1m01.9s/2m0s  10.00 iters/s

running (1m02.9s), 240/240 VUs, 171 complete and 0 interrupted iterations
medium_10rps   [  52% ] 240/240 VUs  1m02.9s/2m0s  10.00 iters/s

running (1m03.9s), 240/240 VUs, 171 complete and 0 interrupted iterations
medium_10rps   [  53% ] 240/240 VUs  1m03.9s/2m0s  10.00 iters/s

running (1m04.9s), 240/240 VUs, 171 complete and 0 interrupted iterations
medium_10rps   [  54% ] 240/240 VUs  1m04.9s/2m0s  10.00 iters/s

running (1m05.9s), 240/240 VUs, 173 complete and 0 interrupted iterations
medium_10rps   [  55% ] 240/240 VUs  1m05.9s/2m0s  10.00 iters/s

running (1m06.9s), 239/240 VUs, 175 complete and 0 interrupted iterations
medium_10rps   [  56% ] 239/240 VUs  1m06.9s/2m0s  10.00 iters/s

running (1m07.9s), 240/240 VUs, 175 complete and 0 interrupted iterations
medium_10rps   [  57% ] 240/240 VUs  1m07.9s/2m0s  10.00 iters/s

running (1m08.9s), 240/240 VUs, 176 complete and 0 interrupted iterations
medium_10rps   [  57% ] 240/240 VUs  1m08.9s/2m0s  10.00 iters/s

running (1m09.9s), 240/240 VUs, 177 complete and 0 interrupted iterations
medium_10rps   [  58% ] 240/240 VUs  1m09.9s/2m0s  10.00 iters/s

running (1m10.9s), 240/240 VUs, 178 complete and 0 interrupted iterations
medium_10rps   [  59% ] 240/240 VUs  1m10.9s/2m0s  10.00 iters/s

running (1m11.9s), 240/240 VUs, 179 complete and 0 interrupted iterations
medium_10rps   [  60% ] 240/240 VUs  1m11.9s/2m0s  10.00 iters/s

running (1m12.9s), 239/240 VUs, 187 complete and 0 interrupted iterations
medium_10rps   [  61% ] 239/240 VUs  1m12.9s/2m0s  10.00 iters/s

running (1m13.9s), 239/240 VUs, 197 complete and 0 interrupted iterations
medium_10rps   [  62% ] 239/240 VUs  1m13.9s/2m0s  10.00 iters/s

running (1m14.9s), 240/240 VUs, 201 complete and 0 interrupted iterations
medium_10rps   [  62% ] 240/240 VUs  1m14.9s/2m0s  10.00 iters/s

running (1m15.9s), 240/240 VUs, 204 complete and 0 interrupted iterations
medium_10rps   [  63% ] 240/240 VUs  1m15.9s/2m0s  10.00 iters/s

running (1m16.9s), 240/240 VUs, 209 complete and 0 interrupted iterations
medium_10rps   [  64% ] 240/240 VUs  1m16.9s/2m0s  10.00 iters/s

running (1m17.9s), 240/240 VUs, 211 complete and 0 interrupted iterations
medium_10rps   [  65% ] 240/240 VUs  1m17.9s/2m0s  10.00 iters/s

running (1m18.9s), 240/240 VUs, 212 complete and 0 interrupted iterations
medium_10rps   [  66% ] 240/240 VUs  1m18.9s/2m0s  10.00 iters/s

running (1m19.9s), 240/240 VUs, 214 complete and 0 interrupted iterations
medium_10rps   [  67% ] 240/240 VUs  1m19.9s/2m0s  10.00 iters/s

running (1m20.9s), 240/240 VUs, 215 complete and 0 interrupted iterations
medium_10rps   [  67% ] 240/240 VUs  1m20.9s/2m0s  10.00 iters/s

running (1m21.9s), 240/240 VUs, 221 complete and 0 interrupted iterations
medium_10rps   [  68% ] 240/240 VUs  1m21.9s/2m0s  10.00 iters/s

running (1m22.9s), 240/240 VUs, 228 complete and 0 interrupted iterations
medium_10rps   [  69% ] 240/240 VUs  1m22.9s/2m0s  10.00 iters/s

running (1m23.9s), 240/240 VUs, 230 complete and 0 interrupted iterations
medium_10rps   [  70% ] 240/240 VUs  1m23.9s/2m0s  10.00 iters/s

running (1m24.9s), 240/240 VUs, 231 complete and 0 interrupted iterations
medium_10rps   [  71% ] 240/240 VUs  1m24.9s/2m0s  10.00 iters/s

running (1m25.9s), 240/240 VUs, 232 complete and 0 interrupted iterations
medium_10rps   [  72% ] 240/240 VUs  1m25.9s/2m0s  10.00 iters/s

running (1m26.9s), 240/240 VUs, 233 complete and 0 interrupted iterations
medium_10rps   [  72% ] 240/240 VUs  1m26.9s/2m0s  10.00 iters/s

running (1m27.9s), 240/240 VUs, 233 complete and 0 interrupted iterations
medium_10rps   [  73% ] 240/240 VUs  1m27.9s/2m0s  10.00 iters/s

running (1m28.9s), 240/240 VUs, 234 complete and 0 interrupted iterations
medium_10rps   [  74% ] 240/240 VUs  1m28.9s/2m0s  10.00 iters/s

running (1m29.9s), 240/240 VUs, 234 complete and 0 interrupted iterations
medium_10rps   [  75% ] 240/240 VUs  1m29.9s/2m0s  10.00 iters/s

running (1m30.9s), 240/240 VUs, 234 complete and 0 interrupted iterations
medium_10rps   [  76% ] 240/240 VUs  1m30.9s/2m0s  10.00 iters/s

running (1m31.9s), 240/240 VUs, 234 complete and 0 interrupted iterations
medium_10rps   [  77% ] 240/240 VUs  1m31.9s/2m0s  10.00 iters/s

running (1m32.9s), 240/240 VUs, 236 complete and 0 interrupted iterations
medium_10rps   [  77% ] 240/240 VUs  1m32.9s/2m0s  10.00 iters/s

running (1m33.9s), 240/240 VUs, 238 complete and 0 interrupted iterations
medium_10rps   [  78% ] 240/240 VUs  1m33.9s/2m0s  10.00 iters/s

running (1m34.9s), 240/240 VUs, 240 complete and 0 interrupted iterations
medium_10rps   [  79% ] 240/240 VUs  1m34.9s/2m0s  10.00 iters/s

running (1m35.9s), 240/240 VUs, 241 complete and 0 interrupted iterations
medium_10rps   [  80% ] 240/240 VUs  1m35.9s/2m0s  10.00 iters/s

running (1m36.9s), 240/240 VUs, 242 complete and 0 interrupted iterations
medium_10rps   [  81% ] 240/240 VUs  1m36.9s/2m0s  10.00 iters/s

running (1m37.9s), 240/240 VUs, 242 complete and 0 interrupted iterations
medium_10rps   [  82% ] 240/240 VUs  1m37.9s/2m0s  10.00 iters/s

running (1m38.9s), 240/240 VUs, 242 complete and 0 interrupted iterations
medium_10rps   [  82% ] 240/240 VUs  1m38.9s/2m0s  10.00 iters/s

running (1m39.9s), 240/240 VUs, 243 complete and 0 interrupted iterations
medium_10rps   [  83% ] 240/240 VUs  1m39.9s/2m0s  10.00 iters/s

running (1m40.9s), 240/240 VUs, 244 complete and 0 interrupted iterations
medium_10rps   [  84% ] 240/240 VUs  1m40.9s/2m0s  10.00 iters/s

running (1m41.9s), 240/240 VUs, 244 complete and 0 interrupted iterations
medium_10rps   [  85% ] 240/240 VUs  1m41.9s/2m0s  10.00 iters/s

running (1m42.9s), 240/240 VUs, 245 complete and 0 interrupted iterations
medium_10rps   [  86% ] 240/240 VUs  1m42.9s/2m0s  10.00 iters/s

running (1m43.9s), 240/240 VUs, 246 complete and 0 interrupted iterations
medium_10rps   [  87% ] 240/240 VUs  1m43.9s/2m0s  10.00 iters/s

running (1m44.9s), 240/240 VUs, 246 complete and 0 interrupted iterations
medium_10rps   [  87% ] 240/240 VUs  1m44.9s/2m0s  10.00 iters/s

running (1m45.9s), 240/240 VUs, 246 complete and 0 interrupted iterations
medium_10rps   [  88% ] 240/240 VUs  1m45.9s/2m0s  10.00 iters/s

running (1m46.9s), 240/240 VUs, 246 complete and 0 interrupted iterations
medium_10rps   [  89% ] 240/240 VUs  1m46.9s/2m0s  10.00 iters/s

running (1m47.9s), 240/240 VUs, 246 complete and 0 interrupted iterations
medium_10rps   [  90% ] 240/240 VUs  1m47.9s/2m0s  10.00 iters/s

running (1m48.9s), 240/240 VUs, 246 complete and 0 interrupted iterations
medium_10rps   [  91% ] 240/240 VUs  1m48.9s/2m0s  10.00 iters/s

running (1m49.9s), 240/240 VUs, 246 complete and 0 interrupted iterations
medium_10rps   [  92% ] 240/240 VUs  1m49.9s/2m0s  10.00 iters/s

running (1m50.9s), 240/240 VUs, 246 complete and 0 interrupted iterations
medium_10rps   [  92% ] 240/240 VUs  1m50.9s/2m0s  10.00 iters/s

running (1m51.9s), 240/240 VUs, 246 complete and 0 interrupted iterations
medium_10rps   [  93% ] 240/240 VUs  1m51.9s/2m0s  10.00 iters/s

running (1m52.9s), 240/240 VUs, 246 complete and 0 interrupted iterations
medium_10rps   [  94% ] 240/240 VUs  1m52.9s/2m0s  10.00 iters/s

running (1m53.9s), 240/240 VUs, 246 complete and 0 interrupted iterations
medium_10rps   [  95% ] 240/240 VUs  1m53.9s/2m0s  10.00 iters/s

running (1m54.9s), 240/240 VUs, 247 complete and 0 interrupted iterations
medium_10rps   [  96% ] 240/240 VUs  1m54.9s/2m0s  10.00 iters/s

running (1m55.9s), 240/240 VUs, 247 complete and 0 interrupted iterations
medium_10rps   [  97% ] 240/240 VUs  1m55.9s/2m0s  10.00 iters/s

running (1m56.9s), 240/240 VUs, 247 complete and 0 interrupted iterations
medium_10rps   [  97% ] 240/240 VUs  1m56.9s/2m0s  10.00 iters/s

running (1m57.9s), 240/240 VUs, 247 complete and 0 interrupted iterations
medium_10rps   [  98% ] 240/240 VUs  1m57.9s/2m0s  10.00 iters/s

running (1m58.9s), 240/240 VUs, 247 complete and 0 interrupted iterations
medium_10rps   [  99% ] 240/240 VUs  1m58.9s/2m0s  10.00 iters/s

running (1m59.9s), 240/240 VUs, 247 complete and 0 interrupted iterations
medium_10rps   [ 100% ] 240/240 VUs  1m59.9s/2m0s  10.00 iters/s

running (2m00.9s), 240/240 VUs, 247 complete and 0 interrupted iterations
medium_10rps ↓ [ 100% ] 240/240 VUs  2m0s  10.00 iters/s
time="2026-04-07T07:02:49Z" level=error msg="GoError: image processing timeout for postId=69d4aba1b988f48650211863\n\tat go.k6.io/k6/internal/js/modules/k6.(*K6).Fail-fm (native)\n\tat waitForCompletion (file:///opt/image-pipeline-k6/image-pipeline-v2.js:127:7(110))\n\tat default (file:///opt/image-pipeline-k6/image-pipeline-v2.js:196:20(242))\n" executor=constant-arrival-rate scenario=medium_10rps source=stacktrace
time="2026-04-07T07:02:50Z" level=error msg="GoError: image processing timeout for postId=69d4aba1b988f48650211865\n\tat go.k6.io/k6/internal/js/modules/k6.(*K6).Fail-fm (native)\n\tat waitForCompletion (file:///opt/image-pipeline-k6/image-pipeline-v2.js:127:7(110))\n\tat default (file:///opt/image-pipeline-k6/image-pipeline-v2.js:196:20(242))\n" executor=constant-arrival-rate scenario=medium_10rps source=stacktrace
time="2026-04-07T07:02:50Z" level=error msg="GoError: image processing timeout for postId=69d4aba1b988f4865021185f\n\tat go.k6.io/k6/internal/js/modules/k6.(*K6).Fail-fm (native)\n\tat waitForCompletion (file:///opt/image-pipeline-k6/image-pipeline-v2.js:127:7(110))\n\tat default (file:///opt/image-pipeline-k6/image-pipeline-v2.js:196:20(242))\n" executor=constant-arrival-rate scenario=medium_10rps source=stacktrace

running (2m01.9s), 237/240 VUs, 250 complete and 0 interrupted iterations
medium_10rps ↓ [ 100% ] 240/240 VUs  2m0s  10.00 iters/s
time="2026-04-07T07:02:50Z" level=error msg="GoError: image processing timeout for postId=69d4aba2b988f48650211867\n\tat go.k6.io/k6/internal/js/modules/k6.(*K6).Fail-fm (native)\n\tat waitForCompletion (file:///opt/image-pipeline-k6/image-pipeline-v2.js:127:7(110))\n\tat default (file:///opt/image-pipeline-k6/image-pipeline-v2.js:196:20(242))\n" executor=constant-arrival-rate scenario=medium_10rps source=stacktrace
time="2026-04-07T07:02:51Z" level=error msg="GoError: image processing timeout for postId=69d4aba2b988f48650211869\n\tat go.k6.io/k6/internal/js/modules/k6.(*K6).Fail-fm (native)\n\tat waitForCompletion (file:///opt/image-pipeline-k6/image-pipeline-v2.js:127:7(110))\n\tat default (file:///opt/image-pipeline-k6/image-pipeline-v2.js:196:20(242))\n" executor=constant-arrival-rate scenario=medium_10rps source=stacktrace
time="2026-04-07T07:02:51Z" level=error msg="GoError: image processing timeout for postId=69d4aba2b988f4865021186b\n\tat go.k6.io/k6/internal/js/modules/k6.(*K6).Fail-fm (native)\n\tat waitForCompletion (file:///opt/image-pipeline-k6/image-pipeline-v2.js:127:7(110))\n\tat default (file:///opt/image-pipeline-k6/image-pipeline-v2.js:196:20(242))\n" executor=constant-arrival-rate scenario=medium_10rps source=stacktrace

running (2m02.9s), 234/240 VUs, 253 complete and 0 interrupted iterations
medium_10rps ↓ [ 100% ] 240/240 VUs  2m0s  10.00 iters/s
time="2026-04-07T07:02:51Z" level=error msg="GoError: image processing timeout for postId=69d4aba2b988f4865021186d\n\tat go.k6.io/k6/internal/js/modules/k6.(*K6).Fail-fm (native)\n\tat waitForCompletion (file:///opt/image-pipeline-k6/image-pipeline-v2.js:127:7(110))\n\tat default (file:///opt/image-pipeline-k6/image-pipeline-v2.js:196:20(242))\n" executor=constant-arrival-rate scenario=medium_10rps source=stacktrace
time="2026-04-07T07:02:51Z" level=error msg="GoError: image processing timeout for postId=69d4aba3b988f4865021186f\n\tat go.k6.io/k6/internal/js/modules/k6.(*K6).Fail-fm (native)\n\tat waitForCompletion (file:///opt/image-pipeline-k6/image-pipeline-v2.js:127:7(110))\n\tat default (file:///opt/image-pipeline-k6/image-pipeline-v2.js:196:20(242))\n" executor=constant-arrival-rate scenario=medium_10rps source=stacktrace
time="2026-04-07T07:02:52Z" level=error msg="GoError: image processing timeout for postId=69d4aba4b988f4865021187a\n\tat go.k6.io/k6/internal/js/modules/k6.(*K6).Fail-fm (native)\n\tat waitForCompletion (file:///opt/image-pipeline-k6/image-pipeline-v2.js:127:7(110))\n\tat default (file:///opt/image-pipeline-k6/image-pipeline-v2.js:196:20(242))\n" executor=constant-arrival-rate scenario=medium_10rps source=stacktrace
time="2026-04-07T07:02:52Z" level=error msg="GoError: image processing timeout for postId=69d4aba3b988f48650211875\n\tat go.k6.io/k6/internal/js/modules/k6.(*K6).Fail-fm (native)\n\tat waitForCompletion (file:///opt/image-pipeline-k6/image-pipeline-v2.js:127:7(110))\n\tat default (file:///opt/image-pipeline-k6/image-pipeline-v2.js:196:20(242))\n" executor=constant-arrival-rate scenario=medium_10rps source=stacktrace
time="2026-04-07T07:02:52Z" level=error msg="GoError: image processing timeout for postId=69d4aba3b988f48650211871\n\tat go.k6.io/k6/internal/js/modules/k6.(*K6).Fail-fm (native)\n\tat waitForCompletion (file:///opt/image-pipeline-k6/image-pipeline-v2.js:127:7(110))\n\tat default (file:///opt/image-pipeline-k6/image-pipeline-v2.js:196:20(242))\n" executor=constant-arrival-rate scenario=medium_10rps source=stacktrace
time="2026-04-07T07:02:52Z" level=error msg="GoError: image processing timeout for postId=69d4aba3b988f48650211878\n\tat go.k6.io/k6/internal/js/modules/k6.(*K6).Fail-fm (native)\n\tat waitForCompletion (file:///opt/image-pipeline-k6/image-pipeline-v2.js:127:7(110))\n\tat default (file:///opt/image-pipeline-k6/image-pipeline-v2.js:196:20(242))\n" executor=constant-arrival-rate scenario=medium_10rps source=stacktrace

running (2m03.9s), 227/240 VUs, 260 complete and 0 interrupted iterations
medium_10rps ↓ [ 100% ] 240/240 VUs  2m0s  10.00 iters/s
time="2026-04-07T07:02:53Z" level=error msg="GoError: image processing timeout for postId=69d4aba4b988f4865021187c\n\tat go.k6.io/k6/internal/js/modules/k6.(*K6).Fail-fm (native)\n\tat waitForCompletion (file:///opt/image-pipeline-k6/image-pipeline-v2.js:127:7(110))\n\tat default (file:///opt/image-pipeline-k6/image-pipeline-v2.js:196:20(242))\n" executor=constant-arrival-rate scenario=medium_10rps source=stacktrace
time="2026-04-07T07:02:53Z" level=error msg="GoError: image processing timeout for postId=69d4aba4b988f48650211881\n\tat go.k6.io/k6/internal/js/modules/k6.(*K6).Fail-fm (native)\n\tat waitForCompletion (file:///opt/image-pipeline-k6/image-pipeline-v2.js:127:7(110))\n\tat default (file:///opt/image-pipeline-k6/image-pipeline-v2.js:196:20(242))\n" executor=constant-arrival-rate scenario=medium_10rps source=stacktrace
time="2026-04-07T07:02:53Z" level=error msg="GoError: image processing timeout for postId=69d4aba4b988f48650211883\n\tat go.k6.io/k6/internal/js/modules/k6.(*K6).Fail-fm (native)\n\tat waitForCompletion (file:///opt/image-pipeline-k6/image-pipeline-v2.js:127:7(110))\n\tat default (file:///opt/image-pipeline-k6/image-pipeline-v2.js:196:20(242))\n" executor=constant-arrival-rate scenario=medium_10rps source=stacktrace
time="2026-04-07T07:02:53Z" level=error msg="GoError: image processing timeout for postId=69d4aba4b988f4865021187e\n\tat go.k6.io/k6/internal/js/modules/k6.(*K6).Fail-fm (native)\n\tat waitForCompletion (file:///opt/image-pipeline-k6/image-pipeline-v2.js:127:7(110))\n\tat default (file:///opt/image-pipeline-k6/image-pipeline-v2.js:196:20(242))\n" executor=constant-arrival-rate scenario=medium_10rps source=stacktrace

running (2m04.9s), 223/240 VUs, 264 complete and 0 interrupted iterations
medium_10rps ↓ [ 100% ] 240/240 VUs  2m0s  10.00 iters/s
time="2026-04-07T07:02:53Z" level=error msg="GoError: image processing timeout for postId=69d4aba5b988f48650211886\n\tat go.k6.io/k6/internal/js/modules/k6.(*K6).Fail-fm (native)\n\tat waitForCompletion (file:///opt/image-pipeline-k6/image-pipeline-v2.js:127:7(110))\n\tat default (file:///opt/image-pipeline-k6/image-pipeline-v2.js:196:20(242))\n" executor=constant-arrival-rate scenario=medium_10rps source=stacktrace
time="2026-04-07T07:02:53Z" level=error msg="GoError: image processing timeout for postId=69d4aba5b988f48650211888\n\tat go.k6.io/k6/internal/js/modules/k6.(*K6).Fail-fm (native)\n\tat waitForCompletion (file:///opt/image-pipeline-k6/image-pipeline-v2.js:127:7(110))\n\tat default (file:///opt/image-pipeline-k6/image-pipeline-v2.js:196:20(242))\n" executor=constant-arrival-rate scenario=medium_10rps source=stacktrace
time="2026-04-07T07:02:54Z" level=error msg="GoError: image processing timeout for postId=69d4aba5b988f4865021188a\n\tat go.k6.io/k6/internal/js/modules/k6.(*K6).Fail-fm (native)\n\tat waitForCompletion (file:///opt/image-pipeline-k6/image-pipeline-v2.js:127:7(110))\n\tat default (file:///opt/image-pipeline-k6/image-pipeline-v2.js:196:20(242))\n" executor=constant-arrival-rate scenario=medium_10rps source=stacktrace
time="2026-04-07T07:02:54Z" level=error msg="GoError: image processing timeout for postId=69d4aba5b988f4865021188c\n\tat go.k6.io/k6/internal/js/modules/k6.(*K6).Fail-fm (native)\n\tat waitForCompletion (file:///opt/image-pipeline-k6/image-pipeline-v2.js:127:7(110))\n\tat default (file:///opt/image-pipeline-k6/image-pipeline-v2.js:196:20(242))\n" executor=constant-arrival-rate scenario=medium_10rps source=stacktrace

running (2m05.9s), 219/240 VUs, 268 complete and 0 interrupted iterations
medium_10rps ↓ [ 100% ] 240/240 VUs  2m0s  10.00 iters/s
time="2026-04-07T07:02:54Z" level=error msg="GoError: image processing timeout for postId=69d4aba5b988f4865021188e\n\tat go.k6.io/k6/internal/js/modules/k6.(*K6).Fail-fm (native)\n\tat waitForCompletion (file:///opt/image-pipeline-k6/image-pipeline-v2.js:127:7(110))\n\tat default (file:///opt/image-pipeline-k6/image-pipeline-v2.js:196:20(242))\n" executor=constant-arrival-rate scenario=medium_10rps source=stacktrace
time="2026-04-07T07:02:54Z" level=error msg="GoError: image processing timeout for postId=69d4aba6b988f48650211890\n\tat go.k6.io/k6/internal/js/modules/k6.(*K6).Fail-fm (native)\n\tat waitForCompletion (file:///opt/image-pipeline-k6/image-pipeline-v2.js:127:7(110))\n\tat default (file:///opt/image-pipeline-k6/image-pipeline-v2.js:196:20(242))\n" executor=constant-arrival-rate scenario=medium_10rps source=stacktrace
time="2026-04-07T07:02:55Z" level=error msg="GoError: image processing timeout for postId=69d4aba6b988f48650211892\n\tat go.k6.io/k6/internal/js/modules/k6.(*K6).Fail-fm (native)\n\tat waitForCompletion (file:///opt/image-pipeline-k6/image-pipeline-v2.js:127:7(110))\n\tat default (file:///opt/image-pipeline-k6/image-pipeline-v2.js:196:20(242))\n" executor=constant-arrival-rate scenario=medium_10rps source=stacktrace
time="2026-04-07T07:02:55Z" level=error msg="GoError: image processing timeout for postId=69d4aba7b988f48650211896\n\tat go.k6.io/k6/internal/js/modules/k6.(*K6).Fail-fm (native)\n\tat waitForCompletion (file:///opt/image-pipeline-k6/image-pipeline-v2.js:127:7(110))\n\tat default (file:///opt/image-pipeline-k6/image-pipeline-v2.js:196:20(242))\n" executor=constant-arrival-rate scenario=medium_10rps source=stacktrace
time="2026-04-07T07:02:55Z" level=error msg="GoError: image processing timeout for postId=69d4aba6b988f48650211894\n\tat go.k6.io/k6/internal/js/modules/k6.(*K6).Fail-fm (native)\n\tat waitForCompletion (file:///opt/image-pipeline-k6/image-pipeline-v2.js:127:7(110))\n\tat default (file:///opt/image-pipeline-k6/image-pipeline-v2.js:196:20(242))\n" executor=constant-arrival-rate scenario=medium_10rps source=stacktrace

running (2m06.9s), 213/240 VUs, 274 complete and 0 interrupted iterations
medium_10rps ↓ [ 100% ] 240/240 VUs  2m0s  10.00 iters/s
time="2026-04-07T07:02:55Z" level=error msg="GoError: image processing timeout for postId=69d4aba7b988f4865021189a\n\tat go.k6.io/k6/internal/js/modules/k6.(*K6).Fail-fm (native)\n\tat waitForCompletion (file:///opt/image-pipeline-k6/image-pipeline-v2.js:127:7(110))\n\tat default (file:///opt/image-pipeline-k6/image-pipeline-v2.js:196:20(242))\n" executor=constant-arrival-rate scenario=medium_10rps source=stacktrace
time="2026-04-07T07:02:55Z" level=error msg="GoError: image processing timeout for postId=69d4aba7b988f48650211898\n\tat go.k6.io/k6/internal/js/modules/k6.(*K6).Fail-fm (native)\n\tat waitForCompletion (file:///opt/image-pipeline-k6/image-pipeline-v2.js:127:7(110))\n\tat default (file:///opt/image-pipeline-k6/image-pipeline-v2.js:196:20(242))\n" executor=constant-arrival-rate scenario=medium_10rps source=stacktrace
time="2026-04-07T07:02:56Z" level=error msg="GoError: image processing timeout for postId=69d4aba7b988f4865021189c\n\tat go.k6.io/k6/internal/js/modules/k6.(*K6).Fail-fm (native)\n\tat waitForCompletion (file:///opt/image-pipeline-k6/image-pipeline-v2.js:127:7(110))\n\tat default (file:///opt/image-pipeline-k6/image-pipeline-v2.js:196:20(242))\n" executor=constant-arrival-rate scenario=medium_10rps source=stacktrace
time="2026-04-07T07:02:56Z" level=error msg="GoError: image processing timeout for postId=69d4aba7b988f486502118a0\n\tat go.k6.io/k6/internal/js/modules/k6.(*K6).Fail-fm (native)\n\tat waitForCompletion (file:///opt/image-pipeline-k6/image-pipeline-v2.js:127:7(110))\n\tat default (file:///opt/image-pipeline-k6/image-pipeline-v2.js:196:20(242))\n" executor=constant-arrival-rate scenario=medium_10rps source=stacktrace
time="2026-04-07T07:02:56Z" level=error msg="GoError: image processing timeout for postId=69d4aba7b988f4865021189e\n\tat go.k6.io/k6/internal/js/modules/k6.(*K6).Fail-fm (native)\n\tat waitForCompletion (file:///opt/image-pipeline-k6/image-pipeline-v2.js:127:7(110))\n\tat default (file:///opt/image-pipeline-k6/image-pipeline-v2.js:196:20(242))\n" executor=constant-arrival-rate scenario=medium_10rps source=stacktrace

running (2m07.9s), 208/240 VUs, 279 complete and 0 interrupted iterations
medium_10rps ↓ [ 100% ] 240/240 VUs  2m0s  10.00 iters/s
time="2026-04-07T07:02:56Z" level=error msg="GoError: image processing timeout for postId=69d4aba8b988f486502118a2\n\tat go.k6.io/k6/internal/js/modules/k6.(*K6).Fail-fm (native)\n\tat waitForCompletion (file:///opt/image-pipeline-k6/image-pipeline-v2.js:127:7(110))\n\tat default (file:///opt/image-pipeline-k6/image-pipeline-v2.js:196:20(242))\n" executor=constant-arrival-rate scenario=medium_10rps source=stacktrace
time="2026-04-07T07:02:56Z" level=error msg="GoError: image processing timeout for postId=69d4aba8b988f486502118a7\n\tat go.k6.io/k6/internal/js/modules/k6.(*K6).Fail-fm (native)\n\tat waitForCompletion (file:///opt/image-pipeline-k6/image-pipeline-v2.js:127:7(110))\n\tat default (file:///opt/image-pipeline-k6/image-pipeline-v2.js:196:20(242))\n" executor=constant-arrival-rate scenario=medium_10rps source=stacktrace
time="2026-04-07T07:02:56Z" level=error msg="GoError: image processing timeout for postId=69d4aba8b988f486502118a5\n\tat go.k6.io/k6/internal/js/modules/k6.(*K6).Fail-fm (native)\n\tat waitForCompletion (file:///opt/image-pipeline-k6/image-pipeline-v2.js:127:7(110))\n\tat default (file:///opt/image-pipeline-k6/image-pipeline-v2.js:196:20(242))\n" executor=constant-arrival-rate scenario=medium_10rps source=stacktrace
time="2026-04-07T07:02:57Z" level=error msg="GoError: image processing timeout for postId=69d4aba8b988f486502118ab\n\tat go.k6.io/k6/internal/js/modules/k6.(*K6).Fail-fm (native)\n\tat waitForCompletion (file:///opt/image-pipeline-k6/image-pipeline-v2.js:127:7(110))\n\tat default (file:///opt/image-pipeline-k6/image-pipeline-v2.js:196:20(242))\n" executor=constant-arrival-rate scenario=medium_10rps source=stacktrace
time="2026-04-07T07:02:57Z" level=error msg="GoError: image processing timeout for postId=69d4aba8b988f486502118a9\n\tat go.k6.io/k6/internal/js/modules/k6.(*K6).Fail-fm (native)\n\tat waitForCompletion (file:///opt/image-pipeline-k6/image-pipeline-v2.js:127:7(110))\n\tat default (file:///opt/image-pipeline-k6/image-pipeline-v2.js:196:20(242))\n" executor=constant-arrival-rate scenario=medium_10rps source=stacktrace

running (2m08.9s), 203/240 VUs, 284 complete and 0 interrupted iterations
medium_10rps ↓ [ 100% ] 240/240 VUs  2m0s  10.00 iters/s
time="2026-04-07T07:02:58Z" level=error msg="GoError: image processing timeout for postId=69d4aba9b988f486502118ad\n\tat go.k6.io/k6/internal/js/modules/k6.(*K6).Fail-fm (native)\n\tat waitForCompletion (file:///opt/image-pipeline-k6/image-pipeline-v2.js:127:7(110))\n\tat default (file:///opt/image-pipeline-k6/image-pipeline-v2.js:196:20(242))\n" executor=constant-arrival-rate scenario=medium_10rps source=stacktrace
time="2026-04-07T07:02:58Z" level=error msg="GoError: image processing timeout for postId=69d4aba9b988f486502118af\n\tat go.k6.io/k6/internal/js/modules/k6.(*K6).Fail-fm (native)\n\tat waitForCompletion (file:///opt/image-pipeline-k6/image-pipeline-v2.js:127:7(110))\n\tat default (file:///opt/image-pipeline-k6/image-pipeline-v2.js:196:20(242))\n" executor=constant-arrival-rate scenario=medium_10rps source=stacktrace
time="2026-04-07T07:02:58Z" level=error msg="GoError: image processing timeout for postId=69d4aba9b988f486502118b1\n\tat go.k6.io/k6/internal/js/modules/k6.(*K6).Fail-fm (native)\n\tat waitForCompletion (file:///opt/image-pipeline-k6/image-pipeline-v2.js:127:7(110))\n\tat default (file:///opt/image-pipeline-k6/image-pipeline-v2.js:196:20(242))\n" executor=constant-arrival-rate scenario=medium_10rps source=stacktrace

running (2m09.9s), 199/240 VUs, 288 complete and 0 interrupted iterations
medium_10rps ↓ [ 100% ] 240/240 VUs  2m0s  10.00 iters/s
time="2026-04-07T07:02:58Z" level=error msg="GoError: image processing timeout for postId=69d4aba9b988f486502118b3\n\tat go.k6.io/k6/internal/js/modules/k6.(*K6).Fail-fm (native)\n\tat waitForCompletion (file:///opt/image-pipeline-k6/image-pipeline-v2.js:127:7(110))\n\tat default (file:///opt/image-pipeline-k6/image-pipeline-v2.js:196:20(242))\n" executor=constant-arrival-rate scenario=medium_10rps source=stacktrace
time="2026-04-07T07:02:58Z" level=error msg="GoError: image processing timeout for postId=69d4abaab988f486502118b5\n\tat go.k6.io/k6/internal/js/modules/k6.(*K6).Fail-fm (native)\n\tat waitForCompletion (file:///opt/image-pipeline-k6/image-pipeline-v2.js:127:7(110))\n\tat default (file:///opt/image-pipeline-k6/image-pipeline-v2.js:196:20(242))\n" executor=constant-arrival-rate scenario=medium_10rps source=stacktrace
time="2026-04-07T07:02:59Z" level=error msg="GoError: image processing timeout for postId=69d4abaab988f486502118b7\n\tat go.k6.io/k6/internal/js/modules/k6.(*K6).Fail-fm (native)\n\tat waitForCompletion (file:///opt/image-pipeline-k6/image-pipeline-v2.js:127:7(110))\n\tat default (file:///opt/image-pipeline-k6/image-pipeline-v2.js:196:20(242))\n" executor=constant-arrival-rate scenario=medium_10rps source=stacktrace

running (2m10.9s), 196/240 VUs, 291 complete and 0 interrupted iterations
medium_10rps ↓ [ 100% ] 240/240 VUs  2m0s  10.00 iters/s
time="2026-04-07T07:03:00Z" level=error msg="GoError: image processing timeout for postId=69d4ababb988f486502118b9\n\tat go.k6.io/k6/internal/js/modules/k6.(*K6).Fail-fm (native)\n\tat waitForCompletion (file:///opt/image-pipeline-k6/image-pipeline-v2.js:127:7(110))\n\tat default (file:///opt/image-pipeline-k6/image-pipeline-v2.js:196:20(242))\n" executor=constant-arrival-rate scenario=medium_10rps source=stacktrace
time="2026-04-07T07:03:00Z" level=error msg="GoError: image processing timeout for postId=69d4ababb988f486502118bb\n\tat go.k6.io/k6/internal/js/modules/k6.(*K6).Fail-fm (native)\n\tat waitForCompletion (file:///opt/image-pipeline-k6/image-pipeline-v2.js:127:7(110))\n\tat default (file:///opt/image-pipeline-k6/image-pipeline-v2.js:196:20(242))\n" executor=constant-arrival-rate scenario=medium_10rps source=stacktrace

running (2m11.9s), 194/240 VUs, 293 complete and 0 interrupted iterations
medium_10rps ↓ [ 100% ] 240/240 VUs  2m0s  10.00 iters/s
time="2026-04-07T07:03:00Z" level=error msg="GoError: image processing timeout for postId=69d4ababb988f486502118bd\n\tat go.k6.io/k6/internal/js/modules/k6.(*K6).Fail-fm (native)\n\tat waitForCompletion (file:///opt/image-pipeline-k6/image-pipeline-v2.js:127:7(110))\n\tat default (file:///opt/image-pipeline-k6/image-pipeline-v2.js:196:20(242))\n" executor=constant-arrival-rate scenario=medium_10rps source=stacktrace
time="2026-04-07T07:03:00Z" level=error msg="GoError: image processing timeout for postId=69d4ababb988f486502118bf\n\tat go.k6.io/k6/internal/js/modules/k6.(*K6).Fail-fm (native)\n\tat waitForCompletion (file:///opt/image-pipeline-k6/image-pipeline-v2.js:127:7(110))\n\tat default (file:///opt/image-pipeline-k6/image-pipeline-v2.js:196:20(242))\n" executor=constant-arrival-rate scenario=medium_10rps source=stacktrace
time="2026-04-07T07:03:00Z" level=error msg="GoError: image processing timeout for postId=69d4abacb988f486502118c2\n\tat go.k6.io/k6/internal/js/modules/k6.(*K6).Fail-fm (native)\n\tat waitForCompletion (file:///opt/image-pipeline-k6/image-pipeline-v2.js:127:7(110))\n\tat default (file:///opt/image-pipeline-k6/image-pipeline-v2.js:196:20(242))\n" executor=constant-arrival-rate scenario=medium_10rps source=stacktrace
time="2026-04-07T07:03:00Z" level=error msg="GoError: image processing timeout for postId=69d4abacb988f486502118c4\n\tat go.k6.io/k6/internal/js/modules/k6.(*K6).Fail-fm (native)\n\tat waitForCompletion (file:///opt/image-pipeline-k6/image-pipeline-v2.js:127:7(110))\n\tat default (file:///opt/image-pipeline-k6/image-pipeline-v2.js:196:20(242))\n" executor=constant-arrival-rate scenario=medium_10rps source=stacktrace
time="2026-04-07T07:03:00Z" level=error msg="GoError: image processing timeout for postId=69d4abacb988f486502118c6\n\tat go.k6.io/k6/internal/js/modules/k6.(*K6).Fail-fm (native)\n\tat waitForCompletion (file:///opt/image-pipeline-k6/image-pipeline-v2.js:127:7(110))\n\tat default (file:///opt/image-pipeline-k6/image-pipeline-v2.js:196:20(242))\n" executor=constant-arrival-rate scenario=medium_10rps source=stacktrace
time="2026-04-07T07:03:01Z" level=error msg="GoError: image processing timeout for postId=69d4abacb988f486502118c8\n\tat go.k6.io/k6/internal/js/modules/k6.(*K6).Fail-fm (native)\n\tat waitForCompletion (file:///opt/image-pipeline-k6/image-pipeline-v2.js:127:7(110))\n\tat default (file:///opt/image-pipeline-k6/image-pipeline-v2.js:196:20(242))\n" executor=constant-arrival-rate scenario=medium_10rps source=stacktrace
time="2026-04-07T07:03:01Z" level=error msg="GoError: image processing timeout for postId=69d4abacb988f486502118cb\n\tat go.k6.io/k6/internal/js/modules/k6.(*K6).Fail-fm (native)\n\tat waitForCompletion (file:///opt/image-pipeline-k6/image-pipeline-v2.js:127:7(110))\n\tat default (file:///opt/image-pipeline-k6/image-pipeline-v2.js:196:20(242))\n" executor=constant-arrival-rate scenario=medium_10rps source=stacktrace
time="2026-04-07T07:03:01Z" level=error msg="GoError: image processing timeout for postId=69d4abacb988f486502118cd\n\tat go.k6.io/k6/internal/js/modules/k6.(*K6).Fail-fm (native)\n\tat waitForCompletion (file:///opt/image-pipeline-k6/image-pipeline-v2.js:127:7(110))\n\tat default (file:///opt/image-pipeline-k6/image-pipeline-v2.js:196:20(242))\n" executor=constant-arrival-rate scenario=medium_10rps source=stacktrace

running (2m12.9s), 186/240 VUs, 301 complete and 0 interrupted iterations
medium_10rps ↓ [ 100% ] 240/240 VUs  2m0s  10.00 iters/s
time="2026-04-07T07:03:01Z" level=error msg="GoError: image processing timeout for postId=69d4abadb988f486502118d1\n\tat go.k6.io/k6/internal/js/modules/k6.(*K6).Fail-fm (native)\n\tat waitForCompletion (file:///opt/image-pipeline-k6/image-pipeline-v2.js:127:7(110))\n\tat default (file:///opt/image-pipeline-k6/image-pipeline-v2.js:196:20(242))\n" executor=constant-arrival-rate scenario=medium_10rps source=stacktrace
time="2026-04-07T07:03:01Z" level=error msg="GoError: image processing timeout for postId=69d4abacb988f486502118cf\n\tat go.k6.io/k6/internal/js/modules/k6.(*K6).Fail-fm (native)\n\tat waitForCompletion (file:///opt/image-pipeline-k6/image-pipeline-v2.js:127:7(110))\n\tat default (file:///opt/image-pipeline-k6/image-pipeline-v2.js:196:20(242))\n" executor=constant-arrival-rate scenario=medium_10rps source=stacktrace
time="2026-04-07T07:03:01Z" level=error msg="GoError: image processing timeout for postId=69d4abadb988f486502118d5\n\tat go.k6.io/k6/internal/js/modules/k6.(*K6).Fail-fm (native)\n\tat waitForCompletion (file:///opt/image-pipeline-k6/image-pipeline-v2.js:127:7(110))\n\tat default (file:///opt/image-pipeline-k6/image-pipeline-v2.js:196:20(242))\n" executor=constant-arrival-rate scenario=medium_10rps source=stacktrace
time="2026-04-07T07:03:02Z" level=error msg="GoError: image processing timeout for postId=69d4abadb988f486502118d8\n\tat go.k6.io/k6/internal/js/modules/k6.(*K6).Fail-fm (native)\n\tat waitForCompletion (file:///opt/image-pipeline-k6/image-pipeline-v2.js:127:7(110))\n\tat default (file:///opt/image-pipeline-k6/image-pipeline-v2.js:196:20(242))\n" executor=constant-arrival-rate scenario=medium_10rps source=stacktrace

running (2m13.9s), 182/240 VUs, 305 complete and 0 interrupted iterations
medium_10rps ↓ [ 100% ] 240/240 VUs  2m0s  10.00 iters/s
time="2026-04-07T07:03:02Z" level=error msg="GoError: image processing timeout for postId=69d4abadb988f486502118db\n\tat go.k6.io/k6/internal/js/modules/k6.(*K6).Fail-fm (native)\n\tat waitForCompletion (file:///opt/image-pipeline-k6/image-pipeline-v2.js:127:7(110))\n\tat default (file:///opt/image-pipeline-k6/image-pipeline-v2.js:196:20(242))\n" executor=constant-arrival-rate scenario=medium_10rps source=stacktrace
time="2026-04-07T07:03:02Z" level=error msg="GoError: image processing timeout for postId=69d4abaeb988f486502118de\n\tat go.k6.io/k6/internal/js/modules/k6.(*K6).Fail-fm (native)\n\tat waitForCompletion (file:///opt/image-pipeline-k6/image-pipeline-v2.js:127:7(110))\n\tat default (file:///opt/image-pipeline-k6/image-pipeline-v2.js:196:20(242))\n" executor=constant-arrival-rate scenario=medium_10rps source=stacktrace
time="2026-04-07T07:03:03Z" level=error msg="GoError: image processing timeout for postId=69d4abaeb988f486502118e0\n\tat go.k6.io/k6/internal/js/modules/k6.(*K6).Fail-fm (native)\n\tat waitForCompletion (file:///opt/image-pipeline-k6/image-pipeline-v2.js:127:7(110))\n\tat default (file:///opt/image-pipeline-k6/image-pipeline-v2.js:196:20(242))\n" executor=constant-arrival-rate scenario=medium_10rps source=stacktrace

running (2m14.9s), 179/240 VUs, 308 complete and 0 interrupted iterations
medium_10rps ↓ [ 100% ] 240/240 VUs  2m0s  10.00 iters/s
time="2026-04-07T07:03:03Z" level=error msg="GoError: image processing timeout for postId=69d4abaeb988f486502118e6\n\tat go.k6.io/k6/internal/js/modules/k6.(*K6).Fail-fm (native)\n\tat waitForCompletion (file:///opt/image-pipeline-k6/image-pipeline-v2.js:127:7(110))\n\tat default (file:///opt/image-pipeline-k6/image-pipeline-v2.js:196:20(242))\n" executor=constant-arrival-rate scenario=medium_10rps source=stacktrace
time="2026-04-07T07:03:03Z" level=error msg="GoError: image processing timeout for postId=69d4abafb988f486502118e8\n\tat go.k6.io/k6/internal/js/modules/k6.(*K6).Fail-fm (native)\n\tat waitForCompletion (file:///opt/image-pipeline-k6/image-pipeline-v2.js:127:7(110))\n\tat default (file:///opt/image-pipeline-k6/image-pipeline-v2.js:196:20(242))\n" executor=constant-arrival-rate scenario=medium_10rps source=stacktrace
time="2026-04-07T07:03:04Z" level=error msg="GoError: image processing timeout for postId=69d4abafb988f486502118ea\n\tat go.k6.io/k6/internal/js/modules/k6.(*K6).Fail-fm (native)\n\tat waitForCompletion (file:///opt/image-pipeline-k6/image-pipeline-v2.js:127:7(110))\n\tat default (file:///opt/image-pipeline-k6/image-pipeline-v2.js:196:20(242))\n" executor=constant-arrival-rate scenario=medium_10rps source=stacktrace

running (2m15.9s), 176/240 VUs, 311 complete and 0 interrupted iterations
medium_10rps ↓ [ 100% ] 240/240 VUs  2m0s  10.00 iters/s
time="2026-04-07T07:03:04Z" level=error msg="GoError: image processing timeout for postId=69d4abafb988f486502118ec\n\tat go.k6.io/k6/internal/js/modules/k6.(*K6).Fail-fm (native)\n\tat waitForCompletion (file:///opt/image-pipeline-k6/image-pipeline-v2.js:127:7(110))\n\tat default (file:///opt/image-pipeline-k6/image-pipeline-v2.js:196:20(242))\n" executor=constant-arrival-rate scenario=medium_10rps source=stacktrace
time="2026-04-07T07:03:05Z" level=error msg="GoError: image processing timeout for postId=69d4abb0b988f486502118f1\n\tat go.k6.io/k6/internal/js/modules/k6.(*K6).Fail-fm (native)\n\tat waitForCompletion (file:///opt/image-pipeline-k6/image-pipeline-v2.js:127:7(110))\n\tat default (file:///opt/image-pipeline-k6/image-pipeline-v2.js:196:20(242))\n" executor=constant-arrival-rate scenario=medium_10rps source=stacktrace

running (2m16.9s), 174/240 VUs, 313 complete and 0 interrupted iterations
medium_10rps ↓ [ 100% ] 240/240 VUs  2m0s  10.00 iters/s
time="2026-04-07T07:03:05Z" level=error msg="GoError: image processing timeout for postId=69d4abb1b988f486502118f3\n\tat go.k6.io/k6/internal/js/modules/k6.(*K6).Fail-fm (native)\n\tat waitForCompletion (file:///opt/image-pipeline-k6/image-pipeline-v2.js:127:7(110))\n\tat default (file:///opt/image-pipeline-k6/image-pipeline-v2.js:196:20(242))\n" executor=constant-arrival-rate scenario=medium_10rps source=stacktrace

running (2m17.9s), 173/240 VUs, 314 complete and 0 interrupted iterations
medium_10rps ↓ [ 100% ] 240/240 VUs  2m0s  10.00 iters/s
time="2026-04-07T07:03:06Z" level=error msg="GoError: image processing timeout for postId=69d4abb2b988f486502118f8\n\tat go.k6.io/k6/internal/js/modules/k6.(*K6).Fail-fm (native)\n\tat waitForCompletion (file:///opt/image-pipeline-k6/image-pipeline-v2.js:127:7(110))\n\tat default (file:///opt/image-pipeline-k6/image-pipeline-v2.js:196:20(242))\n" executor=constant-arrival-rate scenario=medium_10rps source=stacktrace
time="2026-04-07T07:03:06Z" level=error msg="GoError: image processing timeout for postId=69d4abb2b988f486502118fb\n\tat go.k6.io/k6/internal/js/modules/k6.(*K6).Fail-fm (native)\n\tat waitForCompletion (file:///opt/image-pipeline-k6/image-pipeline-v2.js:127:7(110))\n\tat default (file:///opt/image-pipeline-k6/image-pipeline-v2.js:196:20(242))\n" executor=constant-arrival-rate scenario=medium_10rps source=stacktrace
time="2026-04-07T07:03:07Z" level=error msg="GoError: image processing timeout for postId=69d4abb2b988f486502118fe\n\tat go.k6.io/k6/internal/js/modules/k6.(*K6).Fail-fm (native)\n\tat waitForCompletion (file:///opt/image-pipeline-k6/image-pipeline-v2.js:127:7(110))\n\tat default (file:///opt/image-pipeline-k6/image-pipeline-v2.js:196:20(242))\n" executor=constant-arrival-rate scenario=medium_10rps source=stacktrace
time="2026-04-07T07:03:07Z" level=error msg="GoError: image processing timeout for postId=69d4abb2b988f48650211900\n\tat go.k6.io/k6/internal/js/modules/k6.(*K6).Fail-fm (native)\n\tat waitForCompletion (file:///opt/image-pipeline-k6/image-pipeline-v2.js:127:7(110))\n\tat default (file:///opt/image-pipeline-k6/image-pipeline-v2.js:196:20(242))\n" executor=constant-arrival-rate scenario=medium_10rps source=stacktrace
time="2026-04-07T07:03:07Z" level=error msg="GoError: image processing timeout for postId=69d4abb3b988f48650211904\n\tat go.k6.io/k6/internal/js/modules/k6.(*K6).Fail-fm (native)\n\tat waitForCompletion (file:///opt/image-pipeline-k6/image-pipeline-v2.js:127:7(110))\n\tat default (file:///opt/image-pipeline-k6/image-pipeline-v2.js:196:20(242))\n" executor=constant-arrival-rate scenario=medium_10rps source=stacktrace

running (2m18.9s), 168/240 VUs, 319 complete and 0 interrupted iterations
medium_10rps ↓ [ 100% ] 240/240 VUs  2m0s  10.00 iters/s
time="2026-04-07T07:03:07Z" level=error msg="GoError: image processing timeout for postId=69d4abb2b988f48650211902\n\tat go.k6.io/k6/internal/js/modules/k6.(*K6).Fail-fm (native)\n\tat waitForCompletion (file:///opt/image-pipeline-k6/image-pipeline-v2.js:127:7(110))\n\tat default (file:///opt/image-pipeline-k6/image-pipeline-v2.js:196:20(242))\n" executor=constant-arrival-rate scenario=medium_10rps source=stacktrace
time="2026-04-07T07:03:07Z" level=error msg="GoError: image processing timeout for postId=69d4abb3b988f48650211906\n\tat go.k6.io/k6/internal/js/modules/k6.(*K6).Fail-fm (native)\n\tat waitForCompletion (file:///opt/image-pipeline-k6/image-pipeline-v2.js:127:7(110))\n\tat default (file:///opt/image-pipeline-k6/image-pipeline-v2.js:196:20(242))\n" executor=constant-arrival-rate scenario=medium_10rps source=stacktrace
time="2026-04-07T07:03:08Z" level=error msg="GoError: image processing timeout for postId=69d4abb3b988f4865021190a\n\tat go.k6.io/k6/internal/js/modules/k6.(*K6).Fail-fm (native)\n\tat waitForCompletion (file:///opt/image-pipeline-k6/image-pipeline-v2.js:127:7(110))\n\tat default (file:///opt/image-pipeline-k6/image-pipeline-v2.js:196:20(242))\n" executor=constant-arrival-rate scenario=medium_10rps source=stacktrace
time="2026-04-07T07:03:08Z" level=error msg="GoError: image processing timeout for postId=69d4abb3b988f4865021190c\n\tat go.k6.io/k6/internal/js/modules/k6.(*K6).Fail-fm (native)\n\tat waitForCompletion (file:///opt/image-pipeline-k6/image-pipeline-v2.js:127:7(110))\n\tat default (file:///opt/image-pipeline-k6/image-pipeline-v2.js:196:20(242))\n" executor=constant-arrival-rate scenario=medium_10rps source=stacktrace
time="2026-04-07T07:03:08Z" level=error msg="GoError: image processing timeout for postId=69d4abb3b988f48650211910\n\tat go.k6.io/k6/internal/js/modules/k6.(*K6).Fail-fm (native)\n\tat waitForCompletion (file:///opt/image-pipeline-k6/image-pipeline-v2.js:127:7(110))\n\tat default (file:///opt/image-pipeline-k6/image-pipeline-v2.js:196:20(242))\n" executor=constant-arrival-rate scenario=medium_10rps source=stacktrace
time="2026-04-07T07:03:08Z" level=error msg="GoError: image processing timeout for postId=69d4abb3b988f4865021190e\n\tat go.k6.io/k6/internal/js/modules/k6.(*K6).Fail-fm (native)\n\tat waitForCompletion (file:///opt/image-pipeline-k6/image-pipeline-v2.js:127:7(110))\n\tat default (file:///opt/image-pipeline-k6/image-pipeline-v2.js:196:20(242))\n" executor=constant-arrival-rate scenario=medium_10rps source=stacktrace

running (2m19.9s), 162/240 VUs, 325 complete and 0 interrupted iterations
medium_10rps ↓ [ 100% ] 240/240 VUs  2m0s  10.00 iters/s
time="2026-04-07T07:03:08Z" level=error msg="GoError: image processing timeout for postId=69d4abb4b988f48650211912\n\tat go.k6.io/k6/internal/js/modules/k6.(*K6).Fail-fm (native)\n\tat waitForCompletion (file:///opt/image-pipeline-k6/image-pipeline-v2.js:127:7(110))\n\tat default (file:///opt/image-pipeline-k6/image-pipeline-v2.js:196:20(242))\n" executor=constant-arrival-rate scenario=medium_10rps source=stacktrace
time="2026-04-07T07:03:09Z" level=error msg="GoError: image processing timeout for postId=69d4abb4b988f48650211914\n\tat go.k6.io/k6/internal/js/modules/k6.(*K6).Fail-fm (native)\n\tat waitForCompletion (file:///opt/image-pipeline-k6/image-pipeline-v2.js:127:7(110))\n\tat default (file:///opt/image-pipeline-k6/image-pipeline-v2.js:196:20(242))\n" executor=constant-arrival-rate scenario=medium_10rps source=stacktrace
time="2026-04-07T07:03:09Z" level=error msg="GoError: image processing timeout for postId=69d4abb4b988f48650211916\n\tat go.k6.io/k6/internal/js/modules/k6.(*K6).Fail-fm (native)\n\tat waitForCompletion (file:///opt/image-pipeline-k6/image-pipeline-v2.js:127:7(110))\n\tat default (file:///opt/image-pipeline-k6/image-pipeline-v2.js:196:20(242))\n" executor=constant-arrival-rate scenario=medium_10rps source=stacktrace

running (2m20.9s), 157/240 VUs, 330 complete and 0 interrupted iterations
medium_10rps ↓ [ 100% ] 240/240 VUs  2m0s  10.00 iters/s
time="2026-04-07T07:03:10Z" level=error msg="GoError: image processing timeout for postId=69d4abb5b988f48650211919\n\tat go.k6.io/k6/internal/js/modules/k6.(*K6).Fail-fm (native)\n\tat waitForCompletion (file:///opt/image-pipeline-k6/image-pipeline-v2.js:127:7(110))\n\tat default (file:///opt/image-pipeline-k6/image-pipeline-v2.js:196:20(242))\n" executor=constant-arrival-rate scenario=medium_10rps source=stacktrace

running (2m21.9s), 155/240 VUs, 332 complete and 0 interrupted iterations
medium_10rps ↓ [ 100% ] 240/240 VUs  2m0s  10.00 iters/s
time="2026-04-07T07:03:10Z" level=error msg="GoError: image processing timeout for postId=69d4abb6b988f4865021191b\n\tat go.k6.io/k6/internal/js/modules/k6.(*K6).Fail-fm (native)\n\tat waitForCompletion (file:///opt/image-pipeline-k6/image-pipeline-v2.js:127:7(110))\n\tat default (file:///opt/image-pipeline-k6/image-pipeline-v2.js:196:20(242))\n" executor=constant-arrival-rate scenario=medium_10rps source=stacktrace
time="2026-04-07T07:03:11Z" level=error msg="GoError: image processing timeout for postId=69d4abb6b988f4865021191d\n\tat go.k6.io/k6/internal/js/modules/k6.(*K6).Fail-fm (native)\n\tat waitForCompletion (file:///opt/image-pipeline-k6/image-pipeline-v2.js:127:7(110))\n\tat default (file:///opt/image-pipeline-k6/image-pipeline-v2.js:196:20(242))\n" executor=constant-arrival-rate scenario=medium_10rps source=stacktrace
time="2026-04-07T07:03:11Z" level=error msg="GoError: image processing timeout for postId=69d4abb6b988f4865021191f\n\tat go.k6.io/k6/internal/js/modules/k6.(*K6).Fail-fm (native)\n\tat waitForCompletion (file:///opt/image-pipeline-k6/image-pipeline-v2.js:127:7(110))\n\tat default (file:///opt/image-pipeline-k6/image-pipeline-v2.js:196:20(242))\n" executor=constant-arrival-rate scenario=medium_10rps source=stacktrace

running (2m22.9s), 152/240 VUs, 335 complete and 0 interrupted iterations
medium_10rps ↓ [ 100% ] 240/240 VUs  2m0s  10.00 iters/s
time="2026-04-07T07:03:11Z" level=error msg="GoError: image processing timeout for postId=69d4abb7b988f48650211921\n\tat go.k6.io/k6/internal/js/modules/k6.(*K6).Fail-fm (native)\n\tat waitForCompletion (file:///opt/image-pipeline-k6/image-pipeline-v2.js:127:7(110))\n\tat default (file:///opt/image-pipeline-k6/image-pipeline-v2.js:196:20(242))\n" executor=constant-arrival-rate scenario=medium_10rps source=stacktrace
time="2026-04-07T07:03:12Z" level=error msg="GoError: image processing timeout for postId=69d4abb8b988f48650211924\n\tat go.k6.io/k6/internal/js/modules/k6.(*K6).Fail-fm (native)\n\tat waitForCompletion (file:///opt/image-pipeline-k6/image-pipeline-v2.js:127:7(110))\n\tat default (file:///opt/image-pipeline-k6/image-pipeline-v2.js:196:20(242))\n" executor=constant-arrival-rate scenario=medium_10rps source=stacktrace

running (2m23.9s), 150/240 VUs, 337 complete and 0 interrupted iterations
medium_10rps ↓ [ 100% ] 240/240 VUs  2m0s  10.00 iters/s
time="2026-04-07T07:03:12Z" level=error msg="GoError: image processing timeout for postId=69d4abb8b988f48650211926\n\tat go.k6.io/k6/internal/js/modules/k6.(*K6).Fail-fm (native)\n\tat waitForCompletion (file:///opt/image-pipeline-k6/image-pipeline-v2.js:127:7(110))\n\tat default (file:///opt/image-pipeline-k6/image-pipeline-v2.js:196:20(242))\n" executor=constant-arrival-rate scenario=medium_10rps source=stacktrace
time="2026-04-07T07:03:12Z" level=error msg="GoError: image processing timeout for postId=69d4abb8b988f48650211928\n\tat go.k6.io/k6/internal/js/modules/k6.(*K6).Fail-fm (native)\n\tat waitForCompletion (file:///opt/image-pipeline-k6/image-pipeline-v2.js:127:7(110))\n\tat default (file:///opt/image-pipeline-k6/image-pipeline-v2.js:196:20(242))\n" executor=constant-arrival-rate scenario=medium_10rps source=stacktrace

running (2m24.9s), 148/240 VUs, 339 complete and 0 interrupted iterations
medium_10rps ↓ [ 100% ] 240/240 VUs  2m0s  10.00 iters/s
time="2026-04-07T07:03:13Z" level=error msg="GoError: image processing timeout for postId=69d4abb9b988f4865021192a\n\tat go.k6.io/k6/internal/js/modules/k6.(*K6).Fail-fm (native)\n\tat waitForCompletion (file:///opt/image-pipeline-k6/image-pipeline-v2.js:127:7(110))\n\tat default (file:///opt/image-pipeline-k6/image-pipeline-v2.js:196:20(242))\n" executor=constant-arrival-rate scenario=medium_10rps source=stacktrace
time="2026-04-07T07:03:13Z" level=error msg="GoError: image processing timeout for postId=69d4abb9b988f4865021192c\n\tat go.k6.io/k6/internal/js/modules/k6.(*K6).Fail-fm (native)\n\tat waitForCompletion (file:///opt/image-pipeline-k6/image-pipeline-v2.js:127:7(110))\n\tat default (file:///opt/image-pipeline-k6/image-pipeline-v2.js:196:20(242))\n" executor=constant-arrival-rate scenario=medium_10rps source=stacktrace
time="2026-04-07T07:03:13Z" level=error msg="GoError: image processing timeout for postId=69d4abb9b988f4865021192e\n\tat go.k6.io/k6/internal/js/modules/k6.(*K6).Fail-fm (native)\n\tat waitForCompletion (file:///opt/image-pipeline-k6/image-pipeline-v2.js:127:7(110))\n\tat default (file:///opt/image-pipeline-k6/image-pipeline-v2.js:196:20(242))\n" executor=constant-arrival-rate scenario=medium_10rps source=stacktrace

running (2m25.9s), 145/240 VUs, 342 complete and 0 interrupted iterations
medium_10rps ↓ [ 100% ] 240/240 VUs  2m0s  10.00 iters/s
time="2026-04-07T07:03:14Z" level=error msg="GoError: image processing timeout for postId=69d4abbab988f48650211930\n\tat go.k6.io/k6/internal/js/modules/k6.(*K6).Fail-fm (native)\n\tat waitForCompletion (file:///opt/image-pipeline-k6/image-pipeline-v2.js:127:7(110))\n\tat default (file:///opt/image-pipeline-k6/image-pipeline-v2.js:196:20(242))\n" executor=constant-arrival-rate scenario=medium_10rps source=stacktrace
time="2026-04-07T07:03:15Z" level=error msg="GoError: image processing timeout for postId=69d4abbab988f48650211932\n\tat go.k6.io/k6/internal/js/modules/k6.(*K6).Fail-fm (native)\n\tat waitForCompletion (file:///opt/image-pipeline-k6/image-pipeline-v2.js:127:7(110))\n\tat default (file:///opt/image-pipeline-k6/image-pipeline-v2.js:196:20(242))\n" executor=constant-arrival-rate scenario=medium_10rps source=stacktrace

running (2m26.9s), 143/240 VUs, 344 complete and 0 interrupted iterations
medium_10rps ↓ [ 100% ] 240/240 VUs  2m0s  10.00 iters/s
time="2026-04-07T07:03:15Z" level=error msg="GoError: image processing timeout for postId=69d4abbbb988f48650211934\n\tat go.k6.io/k6/internal/js/modules/k6.(*K6).Fail-fm (native)\n\tat waitForCompletion (file:///opt/image-pipeline-k6/image-pipeline-v2.js:127:7(110))\n\tat default (file:///opt/image-pipeline-k6/image-pipeline-v2.js:196:20(242))\n" executor=constant-arrival-rate scenario=medium_10rps source=stacktrace
time="2026-04-07T07:03:15Z" level=error msg="GoError: image processing timeout for postId=69d4abbbb988f48650211936\n\tat go.k6.io/k6/internal/js/modules/k6.(*K6).Fail-fm (native)\n\tat waitForCompletion (file:///opt/image-pipeline-k6/image-pipeline-v2.js:127:7(110))\n\tat default (file:///opt/image-pipeline-k6/image-pipeline-v2.js:196:20(242))\n" executor=constant-arrival-rate scenario=medium_10rps source=stacktrace
time="2026-04-07T07:03:16Z" level=error msg="GoError: image processing timeout for postId=69d4abbcb988f48650211938\n\tat go.k6.io/k6/internal/js/modules/k6.(*K6).Fail-fm (native)\n\tat waitForCompletion (file:///opt/image-pipeline-k6/image-pipeline-v2.js:127:7(110))\n\tat default (file:///opt/image-pipeline-k6/image-pipeline-v2.js:196:20(242))\n" executor=constant-arrival-rate scenario=medium_10rps source=stacktrace

running (2m27.9s), 140/240 VUs, 347 complete and 0 interrupted iterations
medium_10rps ↓ [ 100% ] 240/240 VUs  2m0s  10.00 iters/s
time="2026-04-07T07:03:16Z" level=error msg="GoError: image processing timeout for postId=69d4abbcb988f4865021193a\n\tat go.k6.io/k6/internal/js/modules/k6.(*K6).Fail-fm (native)\n\tat waitForCompletion (file:///opt/image-pipeline-k6/image-pipeline-v2.js:127:7(110))\n\tat default (file:///opt/image-pipeline-k6/image-pipeline-v2.js:196:20(242))\n" executor=constant-arrival-rate scenario=medium_10rps source=stacktrace
time="2026-04-07T07:03:16Z" level=error msg="GoError: image processing timeout for postId=69d4abbcb988f4865021193c\n\tat go.k6.io/k6/internal/js/modules/k6.(*K6).Fail-fm (native)\n\tat waitForCompletion (file:///opt/image-pipeline-k6/image-pipeline-v2.js:127:7(110))\n\tat default (file:///opt/image-pipeline-k6/image-pipeline-v2.js:196:20(242))\n" executor=constant-arrival-rate scenario=medium_10rps source=stacktrace
time="2026-04-07T07:03:17Z" level=error msg="GoError: image processing timeout for postId=69d4abbdb988f4865021193e\n\tat go.k6.io/k6/internal/js/modules/k6.(*K6).Fail-fm (native)\n\tat waitForCompletion (file:///opt/image-pipeline-k6/image-pipeline-v2.js:127:7(110))\n\tat default (file:///opt/image-pipeline-k6/image-pipeline-v2.js:196:20(242))\n" executor=constant-arrival-rate scenario=medium_10rps source=stacktrace

running (2m28.9s), 137/240 VUs, 350 complete and 0 interrupted iterations
medium_10rps ↓ [ 100% ] 240/240 VUs  2m0s  10.00 iters/s
time="2026-04-07T07:03:17Z" level=error msg="GoError: image processing timeout for postId=69d4abbdb988f48650211940\n\tat go.k6.io/k6/internal/js/modules/k6.(*K6).Fail-fm (native)\n\tat waitForCompletion (file:///opt/image-pipeline-k6/image-pipeline-v2.js:127:7(110))\n\tat default (file:///opt/image-pipeline-k6/image-pipeline-v2.js:196:20(242))\n" executor=constant-arrival-rate scenario=medium_10rps source=stacktrace
time="2026-04-07T07:03:17Z" level=error msg="GoError: image processing timeout for postId=69d4abbdb988f48650211943\n\tat go.k6.io/k6/internal/js/modules/k6.(*K6).Fail-fm (native)\n\tat waitForCompletion (file:///opt/image-pipeline-k6/image-pipeline-v2.js:127:7(110))\n\tat default (file:///opt/image-pipeline-k6/image-pipeline-v2.js:196:20(242))\n" executor=constant-arrival-rate scenario=medium_10rps source=stacktrace
time="2026-04-07T07:03:18Z" level=error msg="GoError: image processing timeout for postId=69d4abbdb988f48650211945\n\tat go.k6.io/k6/internal/js/modules/k6.(*K6).Fail-fm (native)\n\tat waitForCompletion (file:///opt/image-pipeline-k6/image-pipeline-v2.js:127:7(110))\n\tat default (file:///opt/image-pipeline-k6/image-pipeline-v2.js:196:20(242))\n" executor=constant-arrival-rate scenario=medium_10rps source=stacktrace
time="2026-04-07T07:03:18Z" level=error msg="GoError: image processing timeout for postId=69d4abbdb988f48650211947\n\tat go.k6.io/k6/internal/js/modules/k6.(*K6).Fail-fm (native)\n\tat waitForCompletion (file:///opt/image-pipeline-k6/image-pipeline-v2.js:127:7(110))\n\tat default (file:///opt/image-pipeline-k6/image-pipeline-v2.js:196:20(242))\n" executor=constant-arrival-rate scenario=medium_10rps source=stacktrace
time="2026-04-07T07:03:18Z" level=error msg="GoError: image processing timeout for postId=69d4abbdb988f48650211949\n\tat go.k6.io/k6/internal/js/modules/k6.(*K6).Fail-fm (native)\n\tat waitForCompletion (file:///opt/image-pipeline-k6/image-pipeline-v2.js:127:7(110))\n\tat default (file:///opt/image-pipeline-k6/image-pipeline-v2.js:196:20(242))\n" executor=constant-arrival-rate scenario=medium_10rps source=stacktrace

running (2m29.9s), 132/240 VUs, 355 complete and 0 interrupted iterations
medium_10rps ↓ [ 100% ] 240/240 VUs  2m0s  10.00 iters/s


  █ TOTAL RESULTS 

    checks_total.......: 1461   9.705212/s
    checks_succeeded...: 99.93% 1460 out of 1461
    checks_failed......: 0.06%  1 out of 1461

    ✓ presign status 200
    ✓ upload status 200 or 204
    ✗ create post status 200
      ↳  99% — ✓ 486 / ✗ 1

    CUSTOM
    create_post_duration...........: avg=66.321432   min=21.430305 med=32.963136 max=1770.092983 p(90)=80.676542 p(95)=127.312401
    create_post_success............: 99.79% 486 out of 487
    image_completion_duration......: avg=15725.34127 min=1043      med=10202     max=116466      p(90)=37065.8   p(95)=48018.25  
    image_completion_success.......: 71.18% 252 out of 354
    image_upload_duration..........: avg=43.181765   min=26.913158 med=37.321399 max=124.077946  p(90)=59.36067  p(95)=64.07027  
    presign_duration...............: avg=11.840631   min=2.907984  med=5.934434  max=821.644206  p(90)=16.362598 p(95)=25.588367 

    HTTP
    http_req_duration..............: avg=14.41ms     min=2.9ms     med=8.89ms    max=2.59s       p(90)=24.22ms   p(95)=35.66ms   
      { expected_response:true }...: avg=14.41ms     min=2.9ms     med=8.89ms    max=2.59s       p(90)=24.21ms   p(95)=35.66ms   
    http_req_failed................: 0.00%  1 out of 30001
    http_reqs......................: 30001  199.292314/s

    EXECUTION
    dropped_iterations.............: 714    4.742999/s
    iteration_duration.............: avg=45.88s      min=1.01s     med=17.32s    max=2m1s        p(90)=2m0s      p(95)=2m0s      
    iterations.....................: 355    2.358214/s
    vus............................: 132    min=10         max=240
    vus_max........................: 240    min=80         max=240

    NETWORK
    data_received..................: 27 MB  181 kB/s
    data_sent......................: 74 MB  491 kB/s




running (2m30.5s), 000/240 VUs, 355 complete and 132 interrupted iterations
medium_10rps ✓ [ 100% ] 132/240 VUs  2m0s  10.00 iters/s
