
         /\      Grafana   /‾‾/  
    /\  /  \     |\  __   /  /   
   /  \/    \    | |/ /  /   ‾‾\ 
  /          \   |   (  |  (‾)  |
 / __________ \  |_|\_\  \_____/ 


     execution: local
        script: /opt/image-pipeline-k6/image-pipeline-v2.js
        output: -

     scenarios: (100.00%) 1 scenario, 480 max VUs, 3m0s max duration (incl. graceful stop):
              * burst_5_to_30: Up to 30.00 iterations/s for 2m30s over 4 stages (maxVUs: 160-480, gracefulStop: 30s)


running (0m00.9s), 004/160 VUs, 0 complete and 0 interrupted iterations
burst_5_to_30   [   1% ] 004/160 VUs  0m00.9s/2m30s  05.00 iters/s

running (0m01.9s), 009/160 VUs, 0 complete and 0 interrupted iterations
burst_5_to_30   [   1% ] 009/160 VUs  0m01.9s/2m30s  05.00 iters/s

running (0m02.9s), 014/160 VUs, 0 complete and 0 interrupted iterations
burst_5_to_30   [   2% ] 014/160 VUs  0m02.9s/2m30s  05.00 iters/s

running (0m03.9s), 019/160 VUs, 0 complete and 0 interrupted iterations
burst_5_to_30   [   3% ] 019/160 VUs  0m03.9s/2m30s  05.00 iters/s

running (0m04.9s), 007/160 VUs, 17 complete and 0 interrupted iterations
burst_5_to_30   [   3% ] 007/160 VUs  0m04.9s/2m30s  05.00 iters/s

running (0m05.9s), 006/160 VUs, 23 complete and 0 interrupted iterations
burst_5_to_30   [   4% ] 006/160 VUs  0m05.9s/2m30s  05.00 iters/s

running (0m06.9s), 006/160 VUs, 28 complete and 0 interrupted iterations
burst_5_to_30   [   5% ] 006/160 VUs  0m06.9s/2m30s  05.00 iters/s

running (0m07.9s), 006/160 VUs, 33 complete and 0 interrupted iterations
burst_5_to_30   [   5% ] 006/160 VUs  0m07.9s/2m30s  05.00 iters/s

running (0m08.9s), 006/160 VUs, 38 complete and 0 interrupted iterations
burst_5_to_30   [   6% ] 006/160 VUs  0m08.9s/2m30s  05.00 iters/s

running (0m09.9s), 006/160 VUs, 43 complete and 0 interrupted iterations
burst_5_to_30   [   7% ] 006/160 VUs  0m09.9s/2m30s  05.00 iters/s

running (0m10.9s), 006/160 VUs, 48 complete and 0 interrupted iterations
burst_5_to_30   [   7% ] 006/160 VUs  0m10.9s/2m30s  05.00 iters/s

running (0m11.9s), 006/160 VUs, 53 complete and 0 interrupted iterations
burst_5_to_30   [   8% ] 006/160 VUs  0m11.9s/2m30s  05.00 iters/s

running (0m12.9s), 006/160 VUs, 58 complete and 0 interrupted iterations
burst_5_to_30   [   9% ] 006/160 VUs  0m12.9s/2m30s  05.00 iters/s

running (0m13.9s), 006/160 VUs, 63 complete and 0 interrupted iterations
burst_5_to_30   [   9% ] 006/160 VUs  0m13.9s/2m30s  05.00 iters/s

running (0m14.9s), 006/160 VUs, 68 complete and 0 interrupted iterations
burst_5_to_30   [  10% ] 006/160 VUs  0m14.9s/2m30s  05.00 iters/s

running (0m15.9s), 006/160 VUs, 73 complete and 0 interrupted iterations
burst_5_to_30   [  11% ] 006/160 VUs  0m15.9s/2m30s  05.00 iters/s

running (0m16.9s), 006/160 VUs, 78 complete and 0 interrupted iterations
burst_5_to_30   [  11% ] 006/160 VUs  0m16.9s/2m30s  05.00 iters/s

running (0m17.9s), 006/160 VUs, 83 complete and 0 interrupted iterations
burst_5_to_30   [  12% ] 006/160 VUs  0m17.9s/2m30s  05.00 iters/s

running (0m18.9s), 006/160 VUs, 88 complete and 0 interrupted iterations
burst_5_to_30   [  13% ] 006/160 VUs  0m18.9s/2m30s  05.00 iters/s

running (0m19.9s), 006/160 VUs, 93 complete and 0 interrupted iterations
burst_5_to_30   [  13% ] 006/160 VUs  0m19.9s/2m30s  05.00 iters/s

running (0m20.9s), 006/160 VUs, 98 complete and 0 interrupted iterations
burst_5_to_30   [  14% ] 006/160 VUs  0m20.9s/2m30s  05.00 iters/s

running (0m21.9s), 006/160 VUs, 103 complete and 0 interrupted iterations
burst_5_to_30   [  15% ] 006/160 VUs  0m21.9s/2m30s  05.00 iters/s

running (0m22.9s), 006/160 VUs, 108 complete and 0 interrupted iterations
burst_5_to_30   [  15% ] 006/160 VUs  0m22.9s/2m30s  05.00 iters/s

running (0m23.9s), 006/160 VUs, 113 complete and 0 interrupted iterations
burst_5_to_30   [  16% ] 006/160 VUs  0m23.9s/2m30s  05.00 iters/s

running (0m24.9s), 006/160 VUs, 118 complete and 0 interrupted iterations
burst_5_to_30   [  17% ] 006/160 VUs  0m24.9s/2m30s  05.00 iters/s

running (0m25.9s), 006/160 VUs, 123 complete and 0 interrupted iterations
burst_5_to_30   [  17% ] 006/160 VUs  0m25.9s/2m30s  05.00 iters/s

running (0m26.9s), 006/160 VUs, 128 complete and 0 interrupted iterations
burst_5_to_30   [  18% ] 006/160 VUs  0m26.9s/2m30s  05.00 iters/s

running (0m27.9s), 006/160 VUs, 133 complete and 0 interrupted iterations
burst_5_to_30   [  19% ] 006/160 VUs  0m27.9s/2m30s  05.00 iters/s

running (0m28.9s), 006/160 VUs, 138 complete and 0 interrupted iterations
burst_5_to_30   [  19% ] 006/160 VUs  0m28.9s/2m30s  05.00 iters/s

running (0m29.9s), 006/160 VUs, 143 complete and 0 interrupted iterations
burst_5_to_30   [  20% ] 006/160 VUs  0m29.9s/2m30s  05.00 iters/s

running (0m30.9s), 006/160 VUs, 148 complete and 0 interrupted iterations
burst_5_to_30   [  21% ] 006/160 VUs  0m30.9s/2m30s  05.70 iters/s

running (0m31.9s), 007/160 VUs, 153 complete and 0 interrupted iterations
burst_5_to_30   [  21% ] 007/160 VUs  0m31.9s/2m30s  06.52 iters/s

running (0m32.9s), 007/160 VUs, 160 complete and 0 interrupted iterations
burst_5_to_30   [  22% ] 007/160 VUs  0m32.9s/2m30s  07.36 iters/s

running (0m33.9s), 009/160 VUs, 166 complete and 0 interrupted iterations
burst_5_to_30   [  23% ] 009/160 VUs  0m33.9s/2m30s  08.22 iters/s

running (0m34.9s), 010/160 VUs, 174 complete and 0 interrupted iterations
burst_5_to_30   [  23% ] 010/160 VUs  0m34.9s/2m30s  09.08 iters/s

running (0m35.9s), 010/160 VUs, 183 complete and 0 interrupted iterations
burst_5_to_30   [  24% ] 010/160 VUs  0m35.9s/2m30s  09.87 iters/s

running (0m36.9s), 012/160 VUs, 192 complete and 0 interrupted iterations
burst_5_to_30   [  25% ] 012/160 VUs  0m36.9s/2m30s  10.76 iters/s

running (0m37.9s), 013/160 VUs, 202 complete and 0 interrupted iterations
burst_5_to_30   [  25% ] 013/160 VUs  0m37.9s/2m30s  11.58 iters/s

running (0m38.9s), 014/160 VUs, 213 complete and 0 interrupted iterations
burst_5_to_30   [  26% ] 014/160 VUs  0m38.9s/2m30s  12.42 iters/s

running (0m39.9s), 016/160 VUs, 224 complete and 0 interrupted iterations
burst_5_to_30   [  27% ] 016/160 VUs  0m39.9s/2m30s  13.26 iters/s

running (0m40.9s), 015/160 VUs, 238 complete and 0 interrupted iterations
burst_5_to_30   [  27% ] 015/160 VUs  0m40.9s/2m30s  14.05 iters/s

running (0m41.9s), 016/160 VUs, 252 complete and 0 interrupted iterations
burst_5_to_30   [  28% ] 016/160 VUs  0m41.9s/2m30s  14.92 iters/s

running (0m42.9s), 017/160 VUs, 266 complete and 0 interrupted iterations
burst_5_to_30   [  29% ] 017/160 VUs  0m42.9s/2m30s  15.73 iters/s

running (0m43.9s), 018/160 VUs, 281 complete and 0 interrupted iterations
burst_5_to_30   [  29% ] 018/160 VUs  0m43.9s/2m30s  16.56 iters/s

running (0m44.9s), 019/160 VUs, 297 complete and 0 interrupted iterations
burst_5_to_30   [  30% ] 019/160 VUs  0m44.9s/2m30s  17.39 iters/s

running (0m45.9s), 021/160 VUs, 313 complete and 0 interrupted iterations
burst_5_to_30   [  31% ] 021/160 VUs  0m45.9s/2m30s  18.23 iters/s

running (0m46.9s), 021/160 VUs, 332 complete and 0 interrupted iterations
burst_5_to_30   [  31% ] 021/160 VUs  0m46.9s/2m30s  19.08 iters/s

running (0m47.9s), 023/160 VUs, 349 complete and 0 interrupted iterations
burst_5_to_30   [  32% ] 023/160 VUs  0m47.9s/2m30s  19.90 iters/s

running (0m48.9s), 022/160 VUs, 370 complete and 0 interrupted iterations
burst_5_to_30   [  33% ] 022/160 VUs  0m48.9s/2m30s  20.72 iters/s

running (0m49.9s), 024/160 VUs, 390 complete and 0 interrupted iterations
burst_5_to_30   [  33% ] 024/160 VUs  0m49.9s/2m30s  21.58 iters/s

running (0m50.9s), 024/160 VUs, 412 complete and 0 interrupted iterations
burst_5_to_30   [  34% ] 024/160 VUs  0m50.9s/2m30s  22.42 iters/s

running (0m51.9s), 025/160 VUs, 433 complete and 0 interrupted iterations
burst_5_to_30   [  35% ] 025/160 VUs  0m51.9s/2m30s  23.22 iters/s

running (0m52.9s), 026/160 VUs, 456 complete and 0 interrupted iterations
burst_5_to_30   [  35% ] 026/160 VUs  0m52.9s/2m30s  24.07 iters/s

running (0m53.9s), 027/160 VUs, 479 complete and 0 interrupted iterations
burst_5_to_30   [  36% ] 027/160 VUs  0m53.9s/2m30s  24.88 iters/s

running (0m54.9s), 029/160 VUs, 503 complete and 0 interrupted iterations
burst_5_to_30   [  37% ] 029/160 VUs  0m54.9s/2m30s  25.74 iters/s

running (0m55.9s), 034/160 VUs, 524 complete and 0 interrupted iterations
burst_5_to_30   [  37% ] 034/160 VUs  0m55.9s/2m30s  26.57 iters/s

running (0m56.9s), 037/160 VUs, 548 complete and 0 interrupted iterations
burst_5_to_30   [  38% ] 037/160 VUs  0m56.9s/2m30s  27.40 iters/s

running (0m57.9s), 043/160 VUs, 570 complete and 0 interrupted iterations
burst_5_to_30   [  39% ] 043/160 VUs  0m57.9s/2m30s  28.24 iters/s

running (0m58.9s), 047/160 VUs, 594 complete and 0 interrupted iterations
burst_5_to_30   [  39% ] 047/160 VUs  0m58.9s/2m30s  29.05 iters/s

running (0m59.9s), 059/160 VUs, 612 complete and 0 interrupted iterations
burst_5_to_30   [  40% ] 059/160 VUs  0m59.9s/2m30s  29.90 iters/s

running (1m00.9s), 064/160 VUs, 637 complete and 0 interrupted iterations
burst_5_to_30   [  41% ] 064/160 VUs  1m00.9s/2m30s  30.00 iters/s

running (1m01.9s), 077/160 VUs, 654 complete and 0 interrupted iterations
burst_5_to_30   [  41% ] 077/160 VUs  1m01.9s/2m30s  30.00 iters/s

running (1m02.9s), 088/160 VUs, 673 complete and 0 interrupted iterations
burst_5_to_30   [  42% ] 088/160 VUs  1m02.9s/2m30s  30.00 iters/s

running (1m03.9s), 097/160 VUs, 694 complete and 0 interrupted iterations
burst_5_to_30   [  43% ] 097/160 VUs  1m03.9s/2m30s  30.00 iters/s

running (1m04.9s), 105/160 VUs, 716 complete and 0 interrupted iterations
burst_5_to_30   [  43% ] 105/160 VUs  1m04.9s/2m30s  30.00 iters/s

running (1m05.9s), 121/160 VUs, 730 complete and 0 interrupted iterations
burst_5_to_30   [  44% ] 121/160 VUs  1m05.9s/2m30s  30.00 iters/s

running (1m06.9s), 129/160 VUs, 752 complete and 0 interrupted iterations
burst_5_to_30   [  45% ] 129/160 VUs  1m06.9s/2m30s  30.00 iters/s

running (1m07.9s), 141/160 VUs, 770 complete and 0 interrupted iterations
burst_5_to_30   [  45% ] 141/160 VUs  1m07.9s/2m30s  30.00 iters/s

running (1m08.9s), 150/160 VUs, 791 complete and 0 interrupted iterations
burst_5_to_30   [  46% ] 150/160 VUs  1m08.9s/2m30s  30.00 iters/s

running (1m09.9s), 159/160 VUs, 812 complete and 0 interrupted iterations
burst_5_to_30   [  47% ] 159/160 VUs  1m09.9s/2m30s  30.00 iters/s

running (1m10.9s), 167/168 VUs, 826 complete and 0 interrupted iterations
burst_5_to_30   [  47% ] 167/168 VUs  1m10.9s/2m30s  30.00 iters/s

running (1m11.9s), 169/170 VUs, 852 complete and 0 interrupted iterations
burst_5_to_30   [  48% ] 169/170 VUs  1m11.9s/2m30s  30.00 iters/s

running (1m12.9s), 175/176 VUs, 870 complete and 0 interrupted iterations
burst_5_to_30   [  49% ] 175/176 VUs  1m12.9s/2m30s  30.00 iters/s

running (1m13.9s), 182/183 VUs, 886 complete and 0 interrupted iterations
burst_5_to_30   [  49% ] 182/183 VUs  1m13.9s/2m30s  30.00 iters/s

running (1m14.9s), 188/189 VUs, 904 complete and 0 interrupted iterations
burst_5_to_30   [  50% ] 188/189 VUs  1m14.9s/2m30s  30.00 iters/s

running (1m15.9s), 194/195 VUs, 922 complete and 0 interrupted iterations
burst_5_to_30   [  51% ] 194/195 VUs  1m15.9s/2m30s  30.00 iters/s

running (1m16.9s), 201/201 VUs, 939 complete and 0 interrupted iterations
burst_5_to_30   [  51% ] 201/201 VUs  1m16.9s/2m30s  30.00 iters/s

running (1m17.9s), 208/208 VUs, 955 complete and 0 interrupted iterations
burst_5_to_30   [  52% ] 208/208 VUs  1m17.9s/2m30s  30.00 iters/s

running (1m18.9s), 212/213 VUs, 976 complete and 0 interrupted iterations
burst_5_to_30   [  53% ] 212/213 VUs  1m18.9s/2m30s  30.00 iters/s

running (1m19.9s), 218/221 VUs, 992 complete and 0 interrupted iterations
burst_5_to_30   [  53% ] 218/221 VUs  1m19.9s/2m30s  30.00 iters/s

running (1m20.9s), 225/225 VUs, 1011 complete and 0 interrupted iterations
burst_5_to_30   [  54% ] 225/225 VUs  1m20.9s/2m30s  30.00 iters/s

running (1m21.9s), 232/234 VUs, 1025 complete and 0 interrupted iterations
burst_5_to_30   [  55% ] 232/234 VUs  1m21.9s/2m30s  30.00 iters/s

running (1m22.9s), 236/238 VUs, 1047 complete and 0 interrupted iterations
burst_5_to_30   [  55% ] 236/238 VUs  1m22.9s/2m30s  30.00 iters/s

running (1m23.9s), 245/246 VUs, 1060 complete and 0 interrupted iterations
burst_5_to_30   [  56% ] 245/246 VUs  1m23.9s/2m30s  30.00 iters/s

running (1m24.9s), 250/250 VUs, 1081 complete and 0 interrupted iterations
burst_5_to_30   [  57% ] 250/250 VUs  1m24.9s/2m30s  30.00 iters/s

running (1m25.9s), 257/258 VUs, 1096 complete and 0 interrupted iterations
burst_5_to_30   [  57% ] 257/258 VUs  1m25.9s/2m30s  30.00 iters/s

running (1m26.9s), 261/263 VUs, 1117 complete and 0 interrupted iterations
burst_5_to_30   [  58% ] 261/263 VUs  1m26.9s/2m30s  30.00 iters/s

running (1m27.9s), 267/267 VUs, 1137 complete and 0 interrupted iterations
burst_5_to_30   [  59% ] 267/267 VUs  1m27.9s/2m30s  30.00 iters/s

running (1m28.9s), 271/274 VUs, 1156 complete and 0 interrupted iterations
burst_5_to_30   [  59% ] 271/274 VUs  1m28.9s/2m30s  30.00 iters/s

running (1m29.9s), 279/281 VUs, 1171 complete and 0 interrupted iterations
burst_5_to_30   [  60% ] 279/281 VUs  1m29.9s/2m30s  30.00 iters/s

running (1m30.9s), 286/287 VUs, 1188 complete and 0 interrupted iterations
burst_5_to_30   [  61% ] 286/287 VUs  1m30.9s/2m30s  30.00 iters/s

running (1m31.9s), 293/295 VUs, 1203 complete and 0 interrupted iterations
burst_5_to_30   [  61% ] 293/295 VUs  1m31.9s/2m30s  30.00 iters/s

running (1m32.9s), 300/300 VUs, 1221 complete and 0 interrupted iterations
burst_5_to_30   [  62% ] 300/300 VUs  1m32.9s/2m30s  30.00 iters/s

running (1m33.9s), 307/309 VUs, 1235 complete and 0 interrupted iterations
burst_5_to_30   [  63% ] 307/309 VUs  1m33.9s/2m30s  30.00 iters/s

running (1m34.9s), 315/316 VUs, 1250 complete and 0 interrupted iterations
burst_5_to_30   [  63% ] 315/316 VUs  1m34.9s/2m30s  30.00 iters/s

running (1m35.9s), 321/322 VUs, 1268 complete and 0 interrupted iterations
burst_5_to_30   [  64% ] 321/322 VUs  1m35.9s/2m30s  30.00 iters/s

running (1m36.9s), 330/333 VUs, 1278 complete and 0 interrupted iterations
burst_5_to_30   [  65% ] 330/333 VUs  1m36.9s/2m30s  30.00 iters/s

running (1m37.9s), 338/339 VUs, 1294 complete and 0 interrupted iterations
burst_5_to_30   [  65% ] 338/339 VUs  1m37.9s/2m30s  30.00 iters/s

running (1m38.9s), 345/346 VUs, 1310 complete and 0 interrupted iterations
burst_5_to_30   [  66% ] 345/346 VUs  1m38.9s/2m30s  30.00 iters/s

running (1m39.9s), 351/353 VUs, 1327 complete and 0 interrupted iterations
burst_5_to_30   [  67% ] 351/353 VUs  1m39.9s/2m30s  30.00 iters/s

running (1m40.9s), 360/361 VUs, 1340 complete and 0 interrupted iterations
burst_5_to_30   [  67% ] 360/361 VUs  1m40.9s/2m30s  30.00 iters/s

running (1m41.9s), 366/366 VUs, 1359 complete and 0 interrupted iterations
burst_5_to_30   [  68% ] 366/366 VUs  1m41.9s/2m30s  30.00 iters/s

running (1m42.9s), 372/373 VUs, 1376 complete and 0 interrupted iterations
burst_5_to_30   [  69% ] 372/373 VUs  1m42.9s/2m30s  30.00 iters/s

running (1m43.9s), 378/379 VUs, 1394 complete and 0 interrupted iterations
burst_5_to_30   [  69% ] 378/379 VUs  1m43.9s/2m30s  30.00 iters/s

running (1m44.9s), 384/386 VUs, 1411 complete and 0 interrupted iterations
burst_5_to_30   [  70% ] 384/386 VUs  1m44.9s/2m30s  30.00 iters/s

running (1m45.9s), 391/392 VUs, 1428 complete and 0 interrupted iterations
burst_5_to_30   [  71% ] 391/392 VUs  1m45.9s/2m30s  30.00 iters/s

running (1m46.9s), 396/397 VUs, 1448 complete and 0 interrupted iterations
burst_5_to_30   [  71% ] 396/397 VUs  1m46.9s/2m30s  30.00 iters/s

running (1m47.9s), 404/404 VUs, 1463 complete and 0 interrupted iterations
burst_5_to_30   [  72% ] 404/404 VUs  1m47.9s/2m30s  30.00 iters/s

running (1m48.9s), 412/414 VUs, 1475 complete and 0 interrupted iterations
burst_5_to_30   [  73% ] 412/414 VUs  1m48.9s/2m30s  30.00 iters/s

running (1m49.9s), 420/421 VUs, 1490 complete and 0 interrupted iterations
burst_5_to_30   [  73% ] 420/421 VUs  1m49.9s/2m30s  30.00 iters/s

running (1m50.9s), 426/427 VUs, 1508 complete and 0 interrupted iterations
burst_5_to_30   [  74% ] 426/427 VUs  1m50.9s/2m30s  30.00 iters/s

running (1m51.9s), 435/435 VUs, 1521 complete and 0 interrupted iterations
burst_5_to_30   [  75% ] 435/435 VUs  1m51.9s/2m30s  30.00 iters/s

running (1m52.9s), 444/444 VUs, 1533 complete and 0 interrupted iterations
burst_5_to_30   [  75% ] 444/444 VUs  1m52.9s/2m30s  30.00 iters/s

running (1m53.9s), 449/450 VUs, 1552 complete and 0 interrupted iterations
burst_5_to_30   [  76% ] 449/450 VUs  1m53.9s/2m30s  30.00 iters/s

running (1m54.9s), 457/457 VUs, 1567 complete and 0 interrupted iterations
burst_5_to_30   [  77% ] 457/457 VUs  1m54.9s/2m30s  30.00 iters/s

running (1m55.9s), 466/466 VUs, 1579 complete and 0 interrupted iterations
burst_5_to_30   [  77% ] 466/466 VUs  1m55.9s/2m30s  30.00 iters/s

running (1m56.9s), 472/474 VUs, 1595 complete and 0 interrupted iterations
burst_5_to_30   [  78% ] 472/474 VUs  1m56.9s/2m30s  30.00 iters/s
time="2026-04-04T12:22:44Z" level=warning msg="Insufficient VUs, reached 480 active VUs and cannot initialize more" executor=ramping-arrival-rate scenario=burst_5_to_30

running (1m57.9s), 480/480 VUs, 1608 complete and 0 interrupted iterations
burst_5_to_30   [  79% ] 480/480 VUs  1m57.9s/2m30s  30.00 iters/s

running (1m58.9s), 479/480 VUs, 1627 complete and 0 interrupted iterations
burst_5_to_30   [  79% ] 479/480 VUs  1m58.9s/2m30s  30.00 iters/s

running (1m59.9s), 480/480 VUs, 1642 complete and 0 interrupted iterations
burst_5_to_30   [  80% ] 480/480 VUs  1m59.9s/2m30s  30.00 iters/s

running (2m00.9s), 480/480 VUs, 1655 complete and 0 interrupted iterations
burst_5_to_30   [  81% ] 480/480 VUs  2m00.9s/2m30s  29.25 iters/s

running (2m01.9s), 479/480 VUs, 1673 complete and 0 interrupted iterations
burst_5_to_30   [  81% ] 479/480 VUs  2m01.9s/2m30s  28.45 iters/s

running (2m02.9s), 479/480 VUs, 1688 complete and 0 interrupted iterations
burst_5_to_30   [  82% ] 479/480 VUs  2m02.9s/2m30s  27.61 iters/s

running (2m03.9s), 480/480 VUs, 1700 complete and 0 interrupted iterations
burst_5_to_30   [  83% ] 480/480 VUs  2m03.9s/2m30s  26.76 iters/s

running (2m04.9s), 478/480 VUs, 1714 complete and 0 interrupted iterations
burst_5_to_30   [  83% ] 478/480 VUs  2m04.9s/2m30s  25.93 iters/s

running (2m05.9s), 478/480 VUs, 1729 complete and 0 interrupted iterations
burst_5_to_30   [  84% ] 478/480 VUs  2m05.9s/2m30s  25.12 iters/s

running (2m06.9s), 479/480 VUs, 1745 complete and 0 interrupted iterations
burst_5_to_30   [  85% ] 479/480 VUs  2m06.9s/2m30s  24.27 iters/s

running (2m07.9s), 479/480 VUs, 1761 complete and 0 interrupted iterations
burst_5_to_30   [  85% ] 479/480 VUs  2m07.9s/2m30s  23.43 iters/s

running (2m08.9s), 477/480 VUs, 1775 complete and 0 interrupted iterations
burst_5_to_30   [  86% ] 477/480 VUs  2m08.9s/2m30s  22.60 iters/s

running (2m09.9s), 480/480 VUs, 1792 complete and 0 interrupted iterations
burst_5_to_30   [  87% ] 480/480 VUs  2m09.9s/2m30s  21.78 iters/s

running (2m10.9s), 476/480 VUs, 1803 complete and 0 interrupted iterations
burst_5_to_30   [  87% ] 476/480 VUs  2m10.9s/2m30s  20.92 iters/s

running (2m11.9s), 479/480 VUs, 1817 complete and 0 interrupted iterations
burst_5_to_30   [  88% ] 479/480 VUs  2m11.9s/2m30s  20.10 iters/s

running (2m12.9s), 478/480 VUs, 1834 complete and 0 interrupted iterations
burst_5_to_30   [  89% ] 478/480 VUs  2m12.9s/2m30s  19.26 iters/s

running (2m13.9s), 478/480 VUs, 1849 complete and 0 interrupted iterations
burst_5_to_30   [  89% ] 478/480 VUs  2m13.9s/2m30s  18.42 iters/s

running (2m14.9s), 471/480 VUs, 1874 complete and 0 interrupted iterations
burst_5_to_30   [  90% ] 471/480 VUs  2m14.9s/2m30s  17.58 iters/s

running (2m15.9s), 476/480 VUs, 1884 complete and 0 interrupted iterations
burst_5_to_30   [  91% ] 476/480 VUs  2m15.9s/2m30s  16.76 iters/s

running (2m16.9s), 476/480 VUs, 1898 complete and 0 interrupted iterations
burst_5_to_30   [  91% ] 476/480 VUs  2m16.9s/2m30s  15.94 iters/s

running (2m17.9s), 471/480 VUs, 1919 complete and 0 interrupted iterations
burst_5_to_30   [  92% ] 471/480 VUs  2m17.9s/2m30s  15.08 iters/s

running (2m18.9s), 471/480 VUs, 1933 complete and 0 interrupted iterations
burst_5_to_30   [  93% ] 471/480 VUs  2m18.9s/2m30s  14.29 iters/s

running (2m19.9s), 467/480 VUs, 1951 complete and 0 interrupted iterations
burst_5_to_30   [  93% ] 467/480 VUs  2m19.9s/2m30s  13.45 iters/s

running (2m20.9s), 468/480 VUs, 1963 complete and 0 interrupted iterations
burst_5_to_30   [  94% ] 468/480 VUs  2m20.9s/2m30s  12.62 iters/s

running (2m21.9s), 463/480 VUs, 1980 complete and 0 interrupted iterations
burst_5_to_30   [  95% ] 463/480 VUs  2m21.9s/2m30s  11.80 iters/s

running (2m22.9s), 459/480 VUs, 1996 complete and 0 interrupted iterations
burst_5_to_30   [  95% ] 459/480 VUs  2m22.9s/2m30s  10.92 iters/s

running (2m23.9s), 455/480 VUs, 2010 complete and 0 interrupted iterations
burst_5_to_30   [  96% ] 455/480 VUs  2m23.9s/2m30s  10.12 iters/s

running (2m24.9s), 449/480 VUs, 2026 complete and 0 interrupted iterations
burst_5_to_30   [  97% ] 449/480 VUs  2m24.9s/2m30s  09.26 iters/s

running (2m25.9s), 444/480 VUs, 2040 complete and 0 interrupted iterations
burst_5_to_30   [  97% ] 444/480 VUs  2m25.9s/2m30s  08.42 iters/s

running (2m26.9s), 435/480 VUs, 2057 complete and 0 interrupted iterations
burst_5_to_30   [  98% ] 435/480 VUs  2m26.9s/2m30s  07.58 iters/s

running (2m27.9s), 424/480 VUs, 2075 complete and 0 interrupted iterations
burst_5_to_30   [  99% ] 424/480 VUs  2m27.9s/2m30s  06.77 iters/s

running (2m28.9s), 408/480 VUs, 2097 complete and 0 interrupted iterations
burst_5_to_30   [  99% ] 408/480 VUs  2m28.9s/2m30s  05.99 iters/s

running (2m29.9s), 398/480 VUs, 2113 complete and 0 interrupted iterations
burst_5_to_30   [ 100% ] 398/480 VUs  2m29.9s/2m30s  05.24 iters/s

running (2m30.9s), 382/480 VUs, 2129 complete and 0 interrupted iterations
burst_5_to_30 ↓ [ 100% ] 397/480 VUs  2m30s  05.24 iters/s

running (2m31.9s), 367/480 VUs, 2144 complete and 0 interrupted iterations
burst_5_to_30 ↓ [ 100% ] 397/480 VUs  2m30s  05.24 iters/s

running (2m32.9s), 350/480 VUs, 2161 complete and 0 interrupted iterations
burst_5_to_30 ↓ [ 100% ] 397/480 VUs  2m30s  05.24 iters/s

running (2m33.9s), 330/480 VUs, 2181 complete and 0 interrupted iterations
burst_5_to_30 ↓ [ 100% ] 397/480 VUs  2m30s  05.24 iters/s

running (2m34.9s), 316/480 VUs, 2195 complete and 0 interrupted iterations
burst_5_to_30 ↓ [ 100% ] 397/480 VUs  2m30s  05.24 iters/s

running (2m35.9s), 302/480 VUs, 2209 complete and 0 interrupted iterations
burst_5_to_30 ↓ [ 100% ] 397/480 VUs  2m30s  05.24 iters/s

running (2m36.9s), 288/480 VUs, 2223 complete and 0 interrupted iterations
burst_5_to_30 ↓ [ 100% ] 397/480 VUs  2m30s  05.24 iters/s

running (2m37.9s), 273/480 VUs, 2238 complete and 0 interrupted iterations
burst_5_to_30 ↓ [ 100% ] 397/480 VUs  2m30s  05.24 iters/s

running (2m38.9s), 256/480 VUs, 2255 complete and 0 interrupted iterations
burst_5_to_30 ↓ [ 100% ] 397/480 VUs  2m30s  05.24 iters/s

running (2m39.9s), 239/480 VUs, 2272 complete and 0 interrupted iterations
burst_5_to_30 ↓ [ 100% ] 397/480 VUs  2m30s  05.24 iters/s

running (2m40.9s), 225/480 VUs, 2286 complete and 0 interrupted iterations
burst_5_to_30 ↓ [ 100% ] 397/480 VUs  2m30s  05.24 iters/s

running (2m41.9s), 210/480 VUs, 2301 complete and 0 interrupted iterations
burst_5_to_30 ↓ [ 100% ] 397/480 VUs  2m30s  05.24 iters/s

running (2m42.9s), 190/480 VUs, 2321 complete and 0 interrupted iterations
burst_5_to_30 ↓ [ 100% ] 397/480 VUs  2m30s  05.24 iters/s

running (2m43.9s), 177/480 VUs, 2334 complete and 0 interrupted iterations
burst_5_to_30 ↓ [ 100% ] 397/480 VUs  2m30s  05.24 iters/s

running (2m44.9s), 158/480 VUs, 2353 complete and 0 interrupted iterations
burst_5_to_30 ↓ [ 100% ] 397/480 VUs  2m30s  05.24 iters/s

running (2m45.9s), 137/480 VUs, 2374 complete and 0 interrupted iterations
burst_5_to_30 ↓ [ 100% ] 397/480 VUs  2m30s  05.24 iters/s

running (2m46.9s), 120/480 VUs, 2391 complete and 0 interrupted iterations
burst_5_to_30 ↓ [ 100% ] 397/480 VUs  2m30s  05.24 iters/s

running (2m47.9s), 104/480 VUs, 2407 complete and 0 interrupted iterations
burst_5_to_30 ↓ [ 100% ] 397/480 VUs  2m30s  05.24 iters/s

running (2m48.9s), 090/480 VUs, 2421 complete and 0 interrupted iterations
burst_5_to_30 ↓ [ 100% ] 397/480 VUs  2m30s  05.24 iters/s

running (2m49.9s), 071/480 VUs, 2440 complete and 0 interrupted iterations
burst_5_to_30 ↓ [ 100% ] 397/480 VUs  2m30s  05.24 iters/s

running (2m50.9s), 050/480 VUs, 2461 complete and 0 interrupted iterations
burst_5_to_30 ↓ [ 100% ] 397/480 VUs  2m30s  05.24 iters/s

running (2m51.9s), 039/480 VUs, 2472 complete and 0 interrupted iterations
burst_5_to_30 ↓ [ 100% ] 397/480 VUs  2m30s  05.24 iters/s

running (2m52.9s), 021/480 VUs, 2490 complete and 0 interrupted iterations
burst_5_to_30 ↓ [ 100% ] 397/480 VUs  2m30s  05.24 iters/s

running (2m53.9s), 003/480 VUs, 2508 complete and 0 interrupted iterations
burst_5_to_30 ↓ [ 100% ] 397/480 VUs  2m30s  05.24 iters/s


  █ TOTAL RESULTS 

    checks_total.......: 7533    43.187059/s
    checks_succeeded...: 100.00% 7533 out of 7533
    checks_failed......: 0.00%   0 out of 7533

    ✓ presign status 200
    ✓ upload status 200 or 204
    ✓ create post status 200

    CUSTOM
    create_post_duration...........: avg=64.224906    min=22.714969 med=44.236111 max=1343.174557 p(90)=118.687489 p(95)=161.735691
    create_post_success............: 100.00% 2511 out of 2511
    image_completion_duration......: avg=14557.725209 min=1040      med=13278     max=39730       p(90)=29764      p(95)=34546     
    image_completion_success.......: 100.00% 2511 out of 2511
    image_upload_duration..........: avg=40.74087     min=25.885589 med=36.928747 max=132.875511  p(90)=55.001149  p(95)=62.212661 
    presign_duration...............: avg=16.941038    min=2.998987  med=6.694528  max=278.500657  p(90)=42.638429  p(95)=66.351818 

    HTTP
    http_req_duration..............: avg=110.08ms     min=2.99ms    med=52.13ms   max=1.42s       p(90)=287.8ms    p(95)=354.62ms  
      { expected_response:true }...: avg=110.08ms     min=2.99ms    med=52.13ms   max=1.42s       p(90)=287.8ms    p(95)=354.62ms  
    http_req_failed................: 0.00%   0 out of 42086
    http_reqs......................: 42086   241.281107/s

    EXECUTION
    dropped_iterations.............: 488     2.797728/s
    iteration_duration.............: avg=14.62s       min=1.08s     med=13.33s    max=39.83s      p(90)=29.82s     p(95)=34.63s    
    iterations.....................: 2511    14.395686/s
    vus............................: 3       min=3            max=480
    vus_max........................: 480     min=160          max=480

    NETWORK
    data_received..................: 46 MB   265 kB/s
    data_sent......................: 336 MB  1.9 MB/s




running (2m54.4s), 000/480 VUs, 2511 complete and 0 interrupted iterations
burst_5_to_30 ✓ [ 100% ] 000/480 VUs  2m30s  05.24 iters/s
