
         /\      Grafana   /‾‾/  
    /\  /  \     |\  __   /  /   
   /  \/    \    | |/ /  /   ‾‾\ 
  /          \   |   (  |  (‾)  |
 / __________ \  |_|\_\  \_____/ 


     execution: local
        script: /opt/image-pipeline-k6/image-pipeline-v2.js
        output: -

     scenarios: (100.00%) 1 scenario, 480 max VUs, 3m0s max duration (incl. graceful stop):
              * burst_5_to_30: Up to 30.00 iterations/s for 2m30s over 4 stages (maxVUs: 160-480, gracefulStop: 30s)


running (0m00.9s), 004/160 VUs, 0 complete and 0 interrupted iterations
burst_5_to_30   [   1% ] 004/160 VUs  0m00.9s/2m30s  05.00 iters/s

running (0m01.9s), 009/160 VUs, 0 complete and 0 interrupted iterations
burst_5_to_30   [   1% ] 009/160 VUs  0m01.9s/2m30s  05.00 iters/s

running (0m02.9s), 014/160 VUs, 0 complete and 0 interrupted iterations
burst_5_to_30   [   2% ] 014/160 VUs  0m02.9s/2m30s  05.00 iters/s

running (0m03.9s), 019/160 VUs, 0 complete and 0 interrupted iterations
burst_5_to_30   [   3% ] 019/160 VUs  0m03.9s/2m30s  05.00 iters/s

running (0m04.9s), 006/160 VUs, 18 complete and 0 interrupted iterations
burst_5_to_30   [   3% ] 006/160 VUs  0m04.9s/2m30s  05.00 iters/s

running (0m05.9s), 006/160 VUs, 23 complete and 0 interrupted iterations
burst_5_to_30   [   4% ] 006/160 VUs  0m05.9s/2m30s  05.00 iters/s

running (0m06.9s), 006/160 VUs, 28 complete and 0 interrupted iterations
burst_5_to_30   [   5% ] 006/160 VUs  0m06.9s/2m30s  05.00 iters/s

running (0m07.9s), 006/160 VUs, 33 complete and 0 interrupted iterations
burst_5_to_30   [   5% ] 006/160 VUs  0m07.9s/2m30s  05.00 iters/s

running (0m08.9s), 006/160 VUs, 38 complete and 0 interrupted iterations
burst_5_to_30   [   6% ] 006/160 VUs  0m08.9s/2m30s  05.00 iters/s

running (0m09.9s), 006/160 VUs, 43 complete and 0 interrupted iterations
burst_5_to_30   [   7% ] 006/160 VUs  0m09.9s/2m30s  05.00 iters/s

running (0m10.9s), 006/160 VUs, 48 complete and 0 interrupted iterations
burst_5_to_30   [   7% ] 006/160 VUs  0m10.9s/2m30s  05.00 iters/s

running (0m11.9s), 006/160 VUs, 53 complete and 0 interrupted iterations
burst_5_to_30   [   8% ] 006/160 VUs  0m11.9s/2m30s  05.00 iters/s

running (0m12.9s), 006/160 VUs, 58 complete and 0 interrupted iterations
burst_5_to_30   [   9% ] 006/160 VUs  0m12.9s/2m30s  05.00 iters/s

running (0m13.9s), 006/160 VUs, 63 complete and 0 interrupted iterations
burst_5_to_30   [   9% ] 006/160 VUs  0m13.9s/2m30s  05.00 iters/s

running (0m14.9s), 006/160 VUs, 68 complete and 0 interrupted iterations
burst_5_to_30   [  10% ] 006/160 VUs  0m14.9s/2m30s  05.00 iters/s

running (0m15.9s), 006/160 VUs, 73 complete and 0 interrupted iterations
burst_5_to_30   [  11% ] 006/160 VUs  0m15.9s/2m30s  05.00 iters/s

running (0m16.9s), 006/160 VUs, 78 complete and 0 interrupted iterations
burst_5_to_30   [  11% ] 006/160 VUs  0m16.9s/2m30s  05.00 iters/s

running (0m17.9s), 006/160 VUs, 83 complete and 0 interrupted iterations
burst_5_to_30   [  12% ] 006/160 VUs  0m17.9s/2m30s  05.00 iters/s

running (0m18.9s), 006/160 VUs, 88 complete and 0 interrupted iterations
burst_5_to_30   [  13% ] 006/160 VUs  0m18.9s/2m30s  05.00 iters/s

running (0m19.9s), 006/160 VUs, 93 complete and 0 interrupted iterations
burst_5_to_30   [  13% ] 006/160 VUs  0m19.9s/2m30s  05.00 iters/s

running (0m20.9s), 006/160 VUs, 98 complete and 0 interrupted iterations
burst_5_to_30   [  14% ] 006/160 VUs  0m20.9s/2m30s  05.00 iters/s

running (0m21.9s), 006/160 VUs, 103 complete and 0 interrupted iterations
burst_5_to_30   [  15% ] 006/160 VUs  0m21.9s/2m30s  05.00 iters/s

running (0m22.9s), 006/160 VUs, 108 complete and 0 interrupted iterations
burst_5_to_30   [  15% ] 006/160 VUs  0m22.9s/2m30s  05.00 iters/s

running (0m23.9s), 006/160 VUs, 113 complete and 0 interrupted iterations
burst_5_to_30   [  16% ] 006/160 VUs  0m23.9s/2m30s  05.00 iters/s

running (0m24.9s), 006/160 VUs, 118 complete and 0 interrupted iterations
burst_5_to_30   [  17% ] 006/160 VUs  0m24.9s/2m30s  05.00 iters/s

running (0m25.9s), 006/160 VUs, 123 complete and 0 interrupted iterations
burst_5_to_30   [  17% ] 006/160 VUs  0m25.9s/2m30s  05.00 iters/s

running (0m26.9s), 006/160 VUs, 128 complete and 0 interrupted iterations
burst_5_to_30   [  18% ] 006/160 VUs  0m26.9s/2m30s  05.00 iters/s

running (0m27.9s), 006/160 VUs, 133 complete and 0 interrupted iterations
burst_5_to_30   [  19% ] 006/160 VUs  0m27.9s/2m30s  05.00 iters/s

running (0m28.9s), 006/160 VUs, 138 complete and 0 interrupted iterations
burst_5_to_30   [  19% ] 006/160 VUs  0m28.9s/2m30s  05.00 iters/s

running (0m29.9s), 006/160 VUs, 143 complete and 0 interrupted iterations
burst_5_to_30   [  20% ] 006/160 VUs  0m29.9s/2m30s  05.00 iters/s

running (0m30.9s), 006/160 VUs, 148 complete and 0 interrupted iterations
burst_5_to_30   [  21% ] 006/160 VUs  0m30.9s/2m30s  05.70 iters/s

running (0m31.9s), 006/160 VUs, 154 complete and 0 interrupted iterations
burst_5_to_30   [  21% ] 006/160 VUs  0m31.9s/2m30s  06.52 iters/s

running (0m32.9s), 007/160 VUs, 160 complete and 0 interrupted iterations
burst_5_to_30   [  22% ] 007/160 VUs  0m32.9s/2m30s  07.36 iters/s

running (0m33.9s), 009/160 VUs, 166 complete and 0 interrupted iterations
burst_5_to_30   [  23% ] 009/160 VUs  0m33.9s/2m30s  08.22 iters/s

running (0m34.9s), 010/160 VUs, 174 complete and 0 interrupted iterations
burst_5_to_30   [  23% ] 010/160 VUs  0m34.9s/2m30s  09.08 iters/s

running (0m35.9s), 010/160 VUs, 183 complete and 0 interrupted iterations
burst_5_to_30   [  24% ] 010/160 VUs  0m35.9s/2m30s  09.87 iters/s

running (0m36.9s), 012/160 VUs, 192 complete and 0 interrupted iterations
burst_5_to_30   [  25% ] 012/160 VUs  0m36.9s/2m30s  10.76 iters/s

running (0m37.9s), 013/160 VUs, 202 complete and 0 interrupted iterations
burst_5_to_30   [  25% ] 013/160 VUs  0m37.9s/2m30s  11.58 iters/s

running (0m38.9s), 014/160 VUs, 213 complete and 0 interrupted iterations
burst_5_to_30   [  26% ] 014/160 VUs  0m38.9s/2m30s  12.42 iters/s

running (0m39.9s), 014/160 VUs, 225 complete and 0 interrupted iterations
burst_5_to_30   [  27% ] 014/160 VUs  0m39.9s/2m30s  13.20 iters/s

running (0m40.9s), 015/160 VUs, 238 complete and 0 interrupted iterations
burst_5_to_30   [  27% ] 015/160 VUs  0m40.9s/2m30s  14.05 iters/s

running (0m41.9s), 016/160 VUs, 252 complete and 0 interrupted iterations
burst_5_to_30   [  28% ] 016/160 VUs  0m41.9s/2m30s  14.92 iters/s

running (0m42.9s), 017/160 VUs, 266 complete and 0 interrupted iterations
burst_5_to_30   [  29% ] 017/160 VUs  0m42.9s/2m30s  15.73 iters/s

running (0m43.9s), 018/160 VUs, 281 complete and 0 interrupted iterations
burst_5_to_30   [  29% ] 018/160 VUs  0m43.9s/2m30s  16.56 iters/s

running (0m44.9s), 019/160 VUs, 297 complete and 0 interrupted iterations
burst_5_to_30   [  30% ] 019/160 VUs  0m44.9s/2m30s  17.39 iters/s

running (0m45.9s), 022/160 VUs, 312 complete and 0 interrupted iterations
burst_5_to_30   [  31% ] 022/160 VUs  0m45.9s/2m30s  18.23 iters/s

running (0m46.9s), 020/160 VUs, 332 complete and 0 interrupted iterations
burst_5_to_30   [  31% ] 020/160 VUs  0m46.9s/2m30s  19.04 iters/s

running (0m47.9s), 022/160 VUs, 350 complete and 0 interrupted iterations
burst_5_to_30   [  32% ] 022/160 VUs  0m47.9s/2m30s  19.90 iters/s

running (0m48.9s), 022/160 VUs, 370 complete and 0 interrupted iterations
burst_5_to_30   [  33% ] 022/160 VUs  0m48.9s/2m30s  20.72 iters/s

running (0m49.9s), 023/160 VUs, 390 complete and 0 interrupted iterations
burst_5_to_30   [  33% ] 023/160 VUs  0m49.9s/2m30s  21.54 iters/s

running (0m50.9s), 024/160 VUs, 411 complete and 0 interrupted iterations
burst_5_to_30   [  34% ] 024/160 VUs  0m50.9s/2m30s  22.38 iters/s

running (0m51.9s), 025/160 VUs, 433 complete and 0 interrupted iterations
burst_5_to_30   [  35% ] 025/160 VUs  0m51.9s/2m30s  23.22 iters/s

running (0m52.9s), 026/160 VUs, 456 complete and 0 interrupted iterations
burst_5_to_30   [  35% ] 026/160 VUs  0m52.9s/2m30s  24.07 iters/s

running (0m53.9s), 027/160 VUs, 479 complete and 0 interrupted iterations
burst_5_to_30   [  36% ] 027/160 VUs  0m53.9s/2m30s  24.88 iters/s

running (0m54.9s), 030/160 VUs, 502 complete and 0 interrupted iterations
burst_5_to_30   [  37% ] 030/160 VUs  0m54.9s/2m30s  25.74 iters/s

running (0m55.9s), 033/160 VUs, 525 complete and 0 interrupted iterations
burst_5_to_30   [  37% ] 033/160 VUs  0m55.9s/2m30s  26.57 iters/s

running (0m56.9s), 038/160 VUs, 547 complete and 0 interrupted iterations
burst_5_to_30   [  38% ] 038/160 VUs  0m56.9s/2m30s  27.40 iters/s

running (0m57.9s), 047/160 VUs, 566 complete and 0 interrupted iterations
burst_5_to_30   [  39% ] 047/160 VUs  0m57.9s/2m30s  28.24 iters/s

running (0m58.9s), 044/160 VUs, 597 complete and 0 interrupted iterations
burst_5_to_30   [  39% ] 044/160 VUs  0m58.9s/2m30s  29.05 iters/s

running (0m59.9s), 053/160 VUs, 618 complete and 0 interrupted iterations
burst_5_to_30   [  40% ] 053/160 VUs  0m59.9s/2m30s  29.90 iters/s

running (1m00.9s), 064/160 VUs, 637 complete and 0 interrupted iterations
burst_5_to_30   [  41% ] 064/160 VUs  1m00.9s/2m30s  30.00 iters/s

running (1m01.9s), 074/160 VUs, 657 complete and 0 interrupted iterations
burst_5_to_30   [  41% ] 074/160 VUs  1m01.9s/2m30s  30.00 iters/s

running (1m02.9s), 082/160 VUs, 679 complete and 0 interrupted iterations
burst_5_to_30   [  42% ] 082/160 VUs  1m02.9s/2m30s  30.00 iters/s

running (1m03.9s), 097/160 VUs, 694 complete and 0 interrupted iterations
burst_5_to_30   [  43% ] 097/160 VUs  1m03.9s/2m30s  30.00 iters/s

running (1m04.9s), 105/160 VUs, 716 complete and 0 interrupted iterations
burst_5_to_30   [  43% ] 105/160 VUs  1m04.9s/2m30s  30.00 iters/s

running (1m05.9s), 114/160 VUs, 737 complete and 0 interrupted iterations
burst_5_to_30   [  44% ] 114/160 VUs  1m05.9s/2m30s  30.00 iters/s

running (1m06.9s), 122/160 VUs, 759 complete and 0 interrupted iterations
burst_5_to_30   [  45% ] 122/160 VUs  1m06.9s/2m30s  30.00 iters/s

running (1m07.9s), 134/160 VUs, 777 complete and 0 interrupted iterations
burst_5_to_30   [  45% ] 134/160 VUs  1m07.9s/2m30s  30.00 iters/s

running (1m08.9s), 146/160 VUs, 795 complete and 0 interrupted iterations
burst_5_to_30   [  46% ] 146/160 VUs  1m08.9s/2m30s  30.00 iters/s

running (1m09.9s), 157/160 VUs, 814 complete and 0 interrupted iterations
burst_5_to_30   [  47% ] 157/160 VUs  1m09.9s/2m30s  30.00 iters/s

running (1m10.9s), 164/165 VUs, 832 complete and 0 interrupted iterations
burst_5_to_30   [  47% ] 164/165 VUs  1m10.9s/2m30s  30.00 iters/s

running (1m11.9s), 172/173 VUs, 846 complete and 0 interrupted iterations
burst_5_to_30   [  48% ] 172/173 VUs  1m11.9s/2m30s  30.00 iters/s

running (1m12.9s), 175/176 VUs, 870 complete and 0 interrupted iterations
burst_5_to_30   [  49% ] 175/176 VUs  1m12.9s/2m30s  30.00 iters/s

running (1m13.9s), 183/184 VUs, 884 complete and 0 interrupted iterations
burst_5_to_30   [  49% ] 183/184 VUs  1m13.9s/2m30s  30.00 iters/s

running (1m14.9s), 186/187 VUs, 908 complete and 0 interrupted iterations
burst_5_to_30   [  50% ] 186/187 VUs  1m14.9s/2m30s  30.00 iters/s

running (1m15.9s), 190/194 VUs, 927 complete and 0 interrupted iterations
burst_5_to_30   [  51% ] 190/194 VUs  1m15.9s/2m30s  30.00 iters/s

running (1m16.9s), 195/197 VUs, 949 complete and 0 interrupted iterations
burst_5_to_30   [  51% ] 195/197 VUs  1m16.9s/2m30s  30.00 iters/s

running (1m17.9s), 204/205 VUs, 962 complete and 0 interrupted iterations
burst_5_to_30   [  52% ] 204/205 VUs  1m17.9s/2m30s  30.00 iters/s

running (1m18.9s), 211/212 VUs, 978 complete and 0 interrupted iterations
burst_5_to_30   [  53% ] 211/212 VUs  1m18.9s/2m30s  30.00 iters/s

running (1m19.9s), 218/218 VUs, 995 complete and 0 interrupted iterations
burst_5_to_30   [  53% ] 218/218 VUs  1m19.9s/2m30s  30.00 iters/s

running (1m20.9s), 223/223 VUs, 1015 complete and 0 interrupted iterations
burst_5_to_30   [  54% ] 223/223 VUs  1m20.9s/2m30s  30.00 iters/s

running (1m21.9s), 230/231 VUs, 1030 complete and 0 interrupted iterations
burst_5_to_30   [  55% ] 230/231 VUs  1m21.9s/2m30s  30.00 iters/s

running (1m22.9s), 236/237 VUs, 1048 complete and 0 interrupted iterations
burst_5_to_30   [  55% ] 236/237 VUs  1m22.9s/2m30s  30.00 iters/s

running (1m23.9s), 243/243 VUs, 1065 complete and 0 interrupted iterations
burst_5_to_30   [  56% ] 243/243 VUs  1m23.9s/2m30s  30.00 iters/s

running (1m24.9s), 246/250 VUs, 1085 complete and 0 interrupted iterations
burst_5_to_30   [  57% ] 246/250 VUs  1m24.9s/2m30s  30.00 iters/s

running (1m25.9s), 257/258 VUs, 1096 complete and 0 interrupted iterations
burst_5_to_30   [  57% ] 257/258 VUs  1m25.9s/2m30s  30.00 iters/s

running (1m26.9s), 261/263 VUs, 1117 complete and 0 interrupted iterations
burst_5_to_30   [  58% ] 261/263 VUs  1m26.9s/2m30s  30.00 iters/s

running (1m27.9s), 271/271 VUs, 1129 complete and 0 interrupted iterations
burst_5_to_30   [  59% ] 271/271 VUs  1m27.9s/2m30s  30.00 iters/s

running (1m28.9s), 278/278 VUs, 1145 complete and 0 interrupted iterations
burst_5_to_30   [  59% ] 278/278 VUs  1m28.9s/2m30s  30.00 iters/s

running (1m29.9s), 283/284 VUs, 1164 complete and 0 interrupted iterations
burst_5_to_30   [  60% ] 283/284 VUs  1m29.9s/2m30s  30.00 iters/s

running (1m30.9s), 289/289 VUs, 1183 complete and 0 interrupted iterations
burst_5_to_30   [  61% ] 289/289 VUs  1m30.9s/2m30s  30.00 iters/s

running (1m31.9s), 297/297 VUs, 1197 complete and 0 interrupted iterations
burst_5_to_30   [  61% ] 297/297 VUs  1m31.9s/2m30s  30.00 iters/s

running (1m32.9s), 303/303 VUs, 1215 complete and 0 interrupted iterations
burst_5_to_30   [  62% ] 303/303 VUs  1m32.9s/2m30s  30.00 iters/s

running (1m33.9s), 308/308 VUs, 1235 complete and 0 interrupted iterations
burst_5_to_30   [  63% ] 308/308 VUs  1m33.9s/2m30s  30.00 iters/s

running (1m34.9s), 313/315 VUs, 1253 complete and 0 interrupted iterations
burst_5_to_30   [  63% ] 313/315 VUs  1m34.9s/2m30s  30.00 iters/s

running (1m35.9s), 321/321 VUs, 1269 complete and 0 interrupted iterations
burst_5_to_30   [  64% ] 321/321 VUs  1m35.9s/2m30s  30.00 iters/s

running (1m36.9s), 324/328 VUs, 1289 complete and 0 interrupted iterations
burst_5_to_30   [  65% ] 324/328 VUs  1m36.9s/2m30s  30.00 iters/s

running (1m37.9s), 331/332 VUs, 1308 complete and 0 interrupted iterations
burst_5_to_30   [  65% ] 331/332 VUs  1m37.9s/2m30s  30.00 iters/s

running (1m38.9s), 339/340 VUs, 1322 complete and 0 interrupted iterations
burst_5_to_30   [  66% ] 339/340 VUs  1m38.9s/2m30s  30.00 iters/s

running (1m39.9s), 347/348 VUs, 1336 complete and 0 interrupted iterations
burst_5_to_30   [  67% ] 347/348 VUs  1m39.9s/2m30s  30.00 iters/s

running (1m40.9s), 354/354 VUs, 1353 complete and 0 interrupted iterations
burst_5_to_30   [  67% ] 354/354 VUs  1m40.9s/2m30s  30.00 iters/s

running (1m41.9s), 359/360 VUs, 1372 complete and 0 interrupted iterations
burst_5_to_30   [  68% ] 359/360 VUs  1m41.9s/2m30s  30.00 iters/s

running (1m42.9s), 364/365 VUs, 1392 complete and 0 interrupted iterations
burst_5_to_30   [  69% ] 364/365 VUs  1m42.9s/2m30s  30.00 iters/s

running (1m43.9s), 369/374 VUs, 1408 complete and 0 interrupted iterations
burst_5_to_30   [  69% ] 369/374 VUs  1m43.9s/2m30s  30.00 iters/s

running (1m44.9s), 380/381 VUs, 1420 complete and 0 interrupted iterations
burst_5_to_30   [  70% ] 380/381 VUs  1m44.9s/2m30s  30.00 iters/s

running (1m45.9s), 386/386 VUs, 1439 complete and 0 interrupted iterations
burst_5_to_30   [  71% ] 386/386 VUs  1m45.9s/2m30s  30.00 iters/s

running (1m46.9s), 395/395 VUs, 1451 complete and 0 interrupted iterations
burst_5_to_30   [  71% ] 395/395 VUs  1m46.9s/2m30s  30.00 iters/s

running (1m47.9s), 399/401 VUs, 1471 complete and 0 interrupted iterations
burst_5_to_30   [  72% ] 399/401 VUs  1m47.9s/2m30s  30.00 iters/s

running (1m48.9s), 408/408 VUs, 1485 complete and 0 interrupted iterations
burst_5_to_30   [  73% ] 408/408 VUs  1m48.9s/2m30s  30.00 iters/s

running (1m49.9s), 415/417 VUs, 1499 complete and 0 interrupted iterations
burst_5_to_30   [  73% ] 415/417 VUs  1m49.9s/2m30s  30.00 iters/s

running (1m50.9s), 423/424 VUs, 1514 complete and 0 interrupted iterations
burst_5_to_30   [  74% ] 423/424 VUs  1m50.9s/2m30s  30.00 iters/s

running (1m51.9s), 427/429 VUs, 1535 complete and 0 interrupted iterations
burst_5_to_30   [  75% ] 427/429 VUs  1m51.9s/2m30s  30.00 iters/s

running (1m52.9s), 434/435 VUs, 1552 complete and 0 interrupted iterations
burst_5_to_30   [  75% ] 434/435 VUs  1m52.9s/2m30s  30.00 iters/s

running (1m53.9s), 442/443 VUs, 1566 complete and 0 interrupted iterations
burst_5_to_30   [  76% ] 442/443 VUs  1m53.9s/2m30s  30.00 iters/s

running (1m54.9s), 449/449 VUs, 1583 complete and 0 interrupted iterations
burst_5_to_30   [  77% ] 449/449 VUs  1m54.9s/2m30s  30.00 iters/s
time="2026-04-04T12:18:10Z" level=warning msg="Request Failed" error="Put \"https://community-be-image-experiments-160885253413-apne2.s3.ap-northeast-2.amazonaws.com/temp/images/posts/68b4d997-bab3-428a-a27f-80d71f2802ad?X-Amz-Algorithm=AWS4-HMAC-SHA256&X-Amz-Date=20260404T121810Z&X-Amz-SignedHeaders=content-type%3Bhost&X-Amz-Credential=AKIASK5MCEUS54RHOYFE%2F20260404%2Fap-northeast-2%2Fs3%2Faws4_request&X-Amz-Expires=300&X-Amz-Signature=e6ec626da2dd403d79e8ebc01451867481d30aac973b12937a3917d6887ab560\": EOF"
time="2026-04-04T12:18:10Z" level=error msg="GoError: upload failed: 0 null\n\tat go.k6.io/k6/internal/js/modules/k6.(*K6).Fail-fm (native)\n\tat default (file:///opt/image-pipeline-k6/image-pipeline-v2.js:167:13(132))\n" executor=ramping-arrival-rate scenario=burst_5_to_30 source=stacktrace

running (1m55.9s), 455/456 VUs, 1600 complete and 0 interrupted iterations
burst_5_to_30   [  77% ] 455/456 VUs  1m55.9s/2m30s  30.00 iters/s

running (1m56.9s), 460/460 VUs, 1621 complete and 0 interrupted iterations
burst_5_to_30   [  78% ] 460/460 VUs  1m56.9s/2m30s  30.00 iters/s

running (1m57.9s), 466/467 VUs, 1638 complete and 0 interrupted iterations
burst_5_to_30   [  79% ] 466/467 VUs  1m57.9s/2m30s  30.00 iters/s

running (1m58.9s), 473/473 VUs, 1655 complete and 0 interrupted iterations
burst_5_to_30   [  79% ] 473/473 VUs  1m58.9s/2m30s  30.00 iters/s
time="2026-04-04T12:18:15Z" level=warning msg="Insufficient VUs, reached 480 active VUs and cannot initialize more" executor=ramping-arrival-rate scenario=burst_5_to_30

running (1m59.9s), 480/480 VUs, 1669 complete and 0 interrupted iterations
burst_5_to_30   [  80% ] 480/480 VUs  1m59.9s/2m30s  30.00 iters/s

running (2m00.9s), 478/480 VUs, 1684 complete and 0 interrupted iterations
burst_5_to_30   [  81% ] 478/480 VUs  2m00.9s/2m30s  29.28 iters/s

running (2m01.9s), 479/480 VUs, 1697 complete and 0 interrupted iterations
burst_5_to_30   [  81% ] 479/480 VUs  2m01.9s/2m30s  28.45 iters/s

running (2m02.9s), 479/480 VUs, 1710 complete and 0 interrupted iterations
burst_5_to_30   [  82% ] 479/480 VUs  2m02.9s/2m30s  27.61 iters/s

running (2m03.9s), 476/480 VUs, 1731 complete and 0 interrupted iterations
burst_5_to_30   [  83% ] 476/480 VUs  2m03.9s/2m30s  26.79 iters/s

running (2m04.9s), 480/480 VUs, 1743 complete and 0 interrupted iterations
burst_5_to_30   [  83% ] 480/480 VUs  2m04.9s/2m30s  25.93 iters/s

running (2m05.9s), 480/480 VUs, 1757 complete and 0 interrupted iterations
burst_5_to_30   [  84% ] 480/480 VUs  2m05.9s/2m30s  25.12 iters/s

running (2m06.9s), 477/480 VUs, 1773 complete and 0 interrupted iterations
burst_5_to_30   [  85% ] 477/480 VUs  2m06.9s/2m30s  24.27 iters/s

running (2m07.9s), 480/480 VUs, 1786 complete and 0 interrupted iterations
burst_5_to_30   [  85% ] 480/480 VUs  2m07.9s/2m30s  23.43 iters/s

running (2m08.9s), 480/480 VUs, 1802 complete and 0 interrupted iterations
burst_5_to_30   [  86% ] 480/480 VUs  2m08.9s/2m30s  22.60 iters/s

running (2m09.9s), 480/480 VUs, 1815 complete and 0 interrupted iterations
burst_5_to_30   [  87% ] 480/480 VUs  2m09.9s/2m30s  21.78 iters/s

running (2m10.9s), 478/480 VUs, 1827 complete and 0 interrupted iterations
burst_5_to_30   [  87% ] 478/480 VUs  2m10.9s/2m30s  20.96 iters/s

running (2m11.9s), 480/480 VUs, 1834 complete and 0 interrupted iterations
burst_5_to_30   [  88% ] 480/480 VUs  2m11.9s/2m30s  20.10 iters/s

running (2m12.9s), 478/480 VUs, 1849 complete and 0 interrupted iterations
burst_5_to_30   [  89% ] 478/480 VUs  2m12.9s/2m30s  19.26 iters/s

running (2m13.9s), 480/480 VUs, 1860 complete and 0 interrupted iterations
burst_5_to_30   [  89% ] 480/480 VUs  2m13.9s/2m30s  18.46 iters/s

running (2m14.9s), 478/480 VUs, 1875 complete and 0 interrupted iterations
burst_5_to_30   [  90% ] 478/480 VUs  2m14.9s/2m30s  17.63 iters/s

running (2m15.9s), 479/480 VUs, 1887 complete and 0 interrupted iterations
burst_5_to_30   [  91% ] 479/480 VUs  2m15.9s/2m30s  16.76 iters/s

running (2m16.9s), 480/480 VUs, 1899 complete and 0 interrupted iterations
burst_5_to_30   [  91% ] 480/480 VUs  2m16.9s/2m30s  15.94 iters/s

running (2m17.9s), 479/480 VUs, 1913 complete and 0 interrupted iterations
burst_5_to_30   [  92% ] 479/480 VUs  2m17.9s/2m30s  15.08 iters/s

running (2m18.9s), 480/480 VUs, 1921 complete and 0 interrupted iterations
burst_5_to_30   [  93% ] 480/480 VUs  2m18.9s/2m30s  14.29 iters/s

running (2m19.9s), 478/480 VUs, 1936 complete and 0 interrupted iterations
burst_5_to_30   [  93% ] 478/480 VUs  2m19.9s/2m30s  13.45 iters/s

running (2m20.9s), 472/480 VUs, 1955 complete and 0 interrupted iterations
burst_5_to_30   [  94% ] 472/480 VUs  2m20.9s/2m30s  12.62 iters/s

running (2m21.9s), 471/480 VUs, 1968 complete and 0 interrupted iterations
burst_5_to_30   [  95% ] 471/480 VUs  2m21.9s/2m30s  11.80 iters/s

running (2m22.9s), 470/480 VUs, 1981 complete and 0 interrupted iterations
burst_5_to_30   [  95% ] 470/480 VUs  2m22.9s/2m30s  10.92 iters/s

running (2m23.9s), 468/480 VUs, 1993 complete and 0 interrupted iterations
burst_5_to_30   [  96% ] 468/480 VUs  2m23.9s/2m30s  10.12 iters/s

running (2m24.9s), 460/480 VUs, 2011 complete and 0 interrupted iterations
burst_5_to_30   [  97% ] 460/480 VUs  2m24.9s/2m30s  09.26 iters/s

running (2m25.9s), 450/480 VUs, 2030 complete and 0 interrupted iterations
burst_5_to_30   [  97% ] 450/480 VUs  2m25.9s/2m30s  08.42 iters/s

running (2m26.9s), 442/480 VUs, 2046 complete and 0 interrupted iterations
burst_5_to_30   [  98% ] 442/480 VUs  2m26.9s/2m30s  07.58 iters/s

running (2m27.9s), 434/480 VUs, 2061 complete and 0 interrupted iterations
burst_5_to_30   [  99% ] 434/480 VUs  2m27.9s/2m30s  06.77 iters/s

running (2m28.9s), 418/480 VUs, 2083 complete and 0 interrupted iterations
burst_5_to_30   [  99% ] 418/480 VUs  2m28.9s/2m30s  05.99 iters/s

running (2m29.9s), 411/480 VUs, 2096 complete and 0 interrupted iterations
burst_5_to_30   [ 100% ] 411/480 VUs  2m29.9s/2m30s  05.24 iters/s

running (2m30.9s), 397/480 VUs, 2110 complete and 0 interrupted iterations
burst_5_to_30 ↓ [ 100% ] 409/480 VUs  2m30s  05.24 iters/s

running (2m31.9s), 383/480 VUs, 2124 complete and 0 interrupted iterations
burst_5_to_30 ↓ [ 100% ] 409/480 VUs  2m30s  05.24 iters/s

running (2m32.9s), 364/480 VUs, 2143 complete and 0 interrupted iterations
burst_5_to_30 ↓ [ 100% ] 409/480 VUs  2m30s  05.24 iters/s

running (2m33.9s), 353/480 VUs, 2154 complete and 0 interrupted iterations
burst_5_to_30 ↓ [ 100% ] 409/480 VUs  2m30s  05.24 iters/s

running (2m34.9s), 340/480 VUs, 2167 complete and 0 interrupted iterations
burst_5_to_30 ↓ [ 100% ] 409/480 VUs  2m30s  05.24 iters/s

running (2m35.9s), 328/480 VUs, 2179 complete and 0 interrupted iterations
burst_5_to_30 ↓ [ 100% ] 409/480 VUs  2m30s  05.24 iters/s

running (2m36.9s), 309/480 VUs, 2198 complete and 0 interrupted iterations
burst_5_to_30 ↓ [ 100% ] 409/480 VUs  2m30s  05.24 iters/s

running (2m37.9s), 294/480 VUs, 2213 complete and 0 interrupted iterations
burst_5_to_30 ↓ [ 100% ] 409/480 VUs  2m30s  05.24 iters/s

running (2m38.9s), 275/480 VUs, 2232 complete and 0 interrupted iterations
burst_5_to_30 ↓ [ 100% ] 409/480 VUs  2m30s  05.24 iters/s

running (2m39.9s), 259/480 VUs, 2248 complete and 0 interrupted iterations
burst_5_to_30 ↓ [ 100% ] 409/480 VUs  2m30s  05.24 iters/s

running (2m40.9s), 246/480 VUs, 2261 complete and 0 interrupted iterations
burst_5_to_30 ↓ [ 100% ] 409/480 VUs  2m30s  05.24 iters/s

running (2m41.9s), 232/480 VUs, 2275 complete and 0 interrupted iterations
burst_5_to_30 ↓ [ 100% ] 409/480 VUs  2m30s  05.24 iters/s

running (2m42.9s), 215/480 VUs, 2292 complete and 0 interrupted iterations
burst_5_to_30 ↓ [ 100% ] 409/480 VUs  2m30s  05.24 iters/s

running (2m43.9s), 199/480 VUs, 2308 complete and 0 interrupted iterations
burst_5_to_30 ↓ [ 100% ] 409/480 VUs  2m30s  05.24 iters/s

running (2m44.9s), 184/480 VUs, 2323 complete and 0 interrupted iterations
burst_5_to_30 ↓ [ 100% ] 409/480 VUs  2m30s  05.24 iters/s

running (2m45.9s), 170/480 VUs, 2337 complete and 0 interrupted iterations
burst_5_to_30 ↓ [ 100% ] 409/480 VUs  2m30s  05.24 iters/s

running (2m46.9s), 152/480 VUs, 2355 complete and 0 interrupted iterations
burst_5_to_30 ↓ [ 100% ] 409/480 VUs  2m30s  05.24 iters/s

running (2m47.9s), 139/480 VUs, 2368 complete and 0 interrupted iterations
burst_5_to_30 ↓ [ 100% ] 409/480 VUs  2m30s  05.24 iters/s

running (2m48.9s), 124/480 VUs, 2383 complete and 0 interrupted iterations
burst_5_to_30 ↓ [ 100% ] 409/480 VUs  2m30s  05.24 iters/s

running (2m49.9s), 110/480 VUs, 2397 complete and 0 interrupted iterations
burst_5_to_30 ↓ [ 100% ] 409/480 VUs  2m30s  05.24 iters/s

running (2m50.9s), 091/480 VUs, 2416 complete and 0 interrupted iterations
burst_5_to_30 ↓ [ 100% ] 409/480 VUs  2m30s  05.24 iters/s

running (2m51.9s), 075/480 VUs, 2432 complete and 0 interrupted iterations
burst_5_to_30 ↓ [ 100% ] 409/480 VUs  2m30s  05.24 iters/s

running (2m52.9s), 055/480 VUs, 2452 complete and 0 interrupted iterations
burst_5_to_30 ↓ [ 100% ] 409/480 VUs  2m30s  05.24 iters/s

running (2m53.9s), 040/480 VUs, 2467 complete and 0 interrupted iterations
burst_5_to_30 ↓ [ 100% ] 409/480 VUs  2m30s  05.24 iters/s

running (2m54.9s), 022/480 VUs, 2485 complete and 0 interrupted iterations
burst_5_to_30 ↓ [ 100% ] 409/480 VUs  2m30s  05.24 iters/s

running (2m55.9s), 004/480 VUs, 2503 complete and 0 interrupted iterations
burst_5_to_30 ↓ [ 100% ] 409/480 VUs  2m30s  05.24 iters/s

running (2m56.9s), 001/480 VUs, 2506 complete and 0 interrupted iterations
burst_5_to_30 ↓ [ 100% ] 409/480 VUs  2m30s  05.24 iters/s

running (2m57.9s), 001/480 VUs, 2506 complete and 0 interrupted iterations
burst_5_to_30 ↓ [ 100% ] 409/480 VUs  2m30s  05.24 iters/s

running (2m58.9s), 001/480 VUs, 2506 complete and 0 interrupted iterations
burst_5_to_30 ↓ [ 100% ] 409/480 VUs  2m30s  05.24 iters/s

running (2m59.9s), 001/480 VUs, 2506 complete and 0 interrupted iterations
burst_5_to_30 ↓ [ 100% ] 409/480 VUs  2m30s  05.24 iters/s


  █ TOTAL RESULTS 

    checks_total.......: 7520   41.777324/s
    checks_succeeded...: 99.98% 7519 out of 7520
    checks_failed......: 0.01%  1 out of 7520

    ✓ presign status 200
    ✗ upload status 200 or 204
      ↳  99% — ✓ 2506 / ✗ 1
    ✓ create post status 200

    CUSTOM
    create_post_duration...........: avg=71.705257   min=22.945219 med=41.491535 max=1460.273066 p(90)=127.051259 p(95)=172.420913
    create_post_success............: 100.00% 2506 out of 2506
    image_completion_duration......: avg=14811.02475 min=1042      med=11401     max=60551       p(90)=34265.4    p(95)=37843.6   
    image_completion_success.......: 100.00% 2505 out of 2505
    image_upload_duration..........: avg=41.86779    min=1.478221  med=37.064658 max=163.716206  p(90)=56.355675  p(95)=71.678469 
    presign_duration...............: avg=15.783981   min=2.917588  med=6.187532  max=300.329957  p(90)=36.207386  p(95)=62.829983 

    HTTP
    http_req_duration..............: avg=80.65ms     min=1.47ms    med=45.9ms    max=1.66s       p(90)=203.76ms   p(95)=253.49ms  
      { expected_response:true }...: avg=80.65ms     min=2.91ms    med=45.9ms    max=1.66s       p(90)=203.76ms   p(95)=253.49ms  
    http_req_failed................: 0.00%   1 out of 43749
    http_reqs......................: 43749   243.047361/s

    EXECUTION
    dropped_iterations.............: 492     2.733304/s
    iteration_duration.............: avg=14.86s      min=7.58ms    med=11.45s    max=1m0s        p(90)=34.33s     p(95)=37.94s    
    iterations.....................: 2506    13.922071/s
    vus............................: 1       min=1            max=480
    vus_max........................: 480     min=160          max=480

    NETWORK
    data_received..................: 47 MB   263 kB/s
    data_sent......................: 336 MB  1.9 MB/s




running (3m00.0s), 000/480 VUs, 2506 complete and 1 interrupted iterations
burst_5_to_30 ✓ [ 100% ] 001/480 VUs  2m30s  05.24 iters/s
