
         /\      Grafana   /‾‾/  
    /\  /  \     |\  __   /  /   
   /  \/    \    | |/ /  /   ‾‾\ 
  /          \   |   (  |  (‾)  |
 / __________ \  |_|\_\  \_____/ 


     execution: local
        script: /opt/image-pipeline-k6/image-pipeline-v2.js
        output: -

     scenarios: (100.00%) 1 scenario, 1 max VUs, 2m30s max duration (incl. graceful stop):
              * smoke: 1 iterations shared among 1 VUs (maxDuration: 2m0s, gracefulStop: 30s)


running (0m01.0s), 1/1 VUs, 0 complete and 0 interrupted iterations
smoke   [   0% ] 1 VUs  0m01.0s/2m0s  0/1 shared iters

running (0m02.0s), 1/1 VUs, 0 complete and 0 interrupted iterations
smoke   [   0% ] 1 VUs  0m02.0s/2m0s  0/1 shared iters

running (0m03.0s), 1/1 VUs, 0 complete and 0 interrupted iterations
smoke   [   0% ] 1 VUs  0m03.0s/2m0s  0/1 shared iters

running (0m04.0s), 1/1 VUs, 0 complete and 0 interrupted iterations
smoke   [   0% ] 1 VUs  0m04.0s/2m0s  0/1 shared iters


  █ TOTAL RESULTS 

    checks_total.......: 3       0.674359/s
    checks_succeeded...: 100.00% 3 out of 3
    checks_failed......: 0.00%   0 out of 3

    ✓ presign status 200
    ✓ upload status 200 or 204
    ✓ create post status 200

    CUSTOM
    create_post_duration...........: avg=769.956544 min=769.956544 med=769.956544 max=769.956544 p(90)=769.956544 p(95)=769.956544
    create_post_success............: 100.00% 1 out of 1
    image_completion_duration......: avg=4095       min=4095       med=4095       max=4095       p(90)=4095       p(95)=4095      
    image_completion_success.......: 100.00% 1 out of 1
    image_upload_duration..........: avg=59.783436  min=59.783436  med=59.783436  max=59.783436  p(90)=59.783436  p(95)=59.783436 
    presign_duration...............: avg=282.912536 min=282.912536 med=282.912536 max=282.912536 p(90)=282.912536 p(95)=282.912536

    HTTP
    http_req_duration..............: avg=405.76ms   min=22.92ms    med=171.34ms   max=1.26s      p(90)=1.01s      p(95)=1.14s     
      { expected_response:true }...: avg=405.76ms   min=22.92ms    med=171.34ms   max=1.26s      p(90)=1.01s      p(95)=1.14s     
    http_req_failed................: 0.00%   0 out of 6
    http_reqs......................: 6       1.348717/s

    EXECUTION
    iteration_duration.............: avg=4.44s      min=4.44s      med=4.44s      max=4.44s      p(90)=4.44s      p(95)=4.44s     
    iterations.....................: 1       0.224786/s
    vus............................: 1       min=1      max=1
    vus_max........................: 1       min=1      max=1

    NETWORK
    data_received..................: 11 kB   2.4 kB/s
    data_sent......................: 130 kB  29 kB/s




running (0m04.4s), 0/1 VUs, 1 complete and 0 interrupted iterations
smoke ✓ [ 100% ] 1 VUs  0m04.4s/2m0s  1/1 shared iters
