
         /\      Grafana   /‾‾/  
    /\  /  \     |\  __   /  /   
   /  \/    \    | |/ /  /   ‾‾\ 
  /          \   |   (  |  (‾)  |
 / __________ \  |_|\_\  \_____/ 


     execution: local
        script: /opt/image-pipeline-k6/image-pipeline-v2.js
        output: -

     scenarios: (100.00%) 1 scenario, 1 max VUs, 2m30s max duration (incl. graceful stop):
              * smoke: 1 iterations shared among 1 VUs (maxDuration: 2m0s, gracefulStop: 30s)


running (0m01.0s), 1/1 VUs, 0 complete and 0 interrupted iterations
smoke   [   0% ] 1 VUs  0m01.0s/2m0s  0/1 shared iters

running (0m02.0s), 1/1 VUs, 0 complete and 0 interrupted iterations
smoke   [   0% ] 1 VUs  0m02.0s/2m0s  0/1 shared iters

running (0m03.0s), 1/1 VUs, 0 complete and 0 interrupted iterations
smoke   [   0% ] 1 VUs  0m03.0s/2m0s  0/1 shared iters


  █ TOTAL RESULTS 

    checks_total.......: 3       0.785419/s
    checks_succeeded...: 100.00% 3 out of 3
    checks_failed......: 0.00%   0 out of 3

    ✓ presign status 200
    ✓ upload status 200 or 204
    ✓ create post status 200

    CUSTOM
    create_post_duration...........: avg=708.953334 min=708.953334 med=708.953334 max=708.953334 p(90)=708.953334 p(95)=708.953334
    create_post_success............: 100.00% 1 out of 1
    image_completion_duration......: avg=3537       min=3537       med=3537       max=3537       p(90)=3537       p(95)=3537      
    image_completion_success.......: 100.00% 1 out of 1
    image_upload_duration..........: avg=58.796282  min=58.796282  med=58.796282  max=58.796282  p(90)=58.796282  p(95)=58.796282 
    presign_duration...............: avg=204.089497 min=204.089497 med=204.089497 max=204.089497 p(90)=204.089497 p(95)=204.089497

    HTTP
    http_req_duration..............: avg=299.58ms   min=17.86ms    med=131.44ms   max=784.34ms   p(90)=746.65ms   p(95)=765.49ms  
      { expected_response:true }...: avg=299.58ms   min=17.86ms    med=131.44ms   max=784.34ms   p(90)=746.65ms   p(95)=765.49ms  
    http_req_failed................: 0.00%   0 out of 6
    http_reqs......................: 6       1.570837/s

    EXECUTION
    iteration_duration.............: avg=3.81s      min=3.81s      med=3.81s      max=3.81s      p(90)=3.81s      p(95)=3.81s     
    iterations.....................: 1       0.261806/s
    vus............................: 1       min=1      max=1
    vus_max........................: 1       min=1      max=1

    NETWORK
    data_received..................: 11 kB   2.8 kB/s
    data_sent......................: 131 kB  34 kB/s




running (0m03.8s), 0/1 VUs, 1 complete and 0 interrupted iterations
smoke ✓ [ 100% ] 1 VUs  0m03.8s/2m0s  1/1 shared iters
